{"/Users/cynthiachuang/Justin_Dev/Finance_Dashboard/components/cards/AssetCard.tsx": {"path":"/Users/cynthiachuang/Justin_Dev/Finance_Dashboard/components/cards/AssetCard.tsx","statementMap":{"0":{"start":{"line":1,"column":0},"end":{"line":1,"column":null}},"1":{"start":{"line":22,"column":2},"end":{"line":23,"column":null}},"2":{"start":{"line":38,"column":10},"end":{"line":38,"column":36}},"3":{"start":{"line":39,"column":10},"end":{"line":39,"column":40}},"4":{"start":{"line":40,"column":21},"end":{"line":40,"column":null}},"5":{"start":{"line":41,"column":28},"end":{"line":41,"column":null}},"6":{"start":{"line":42,"column":21},"end":{"line":42,"column":null}},"7":{"start":{"line":43,"column":20},"end":{"line":43,"column":null}},"8":{"start":{"line":46,"column":19},"end":{"line":46,"column":null}},"9":{"start":{"line":47,"column":19},"end":{"line":47,"column":null}},"10":{"start":{"line":49,"column":4},"end":{"line":51,"column":null}},"11":{"start":{"line":54,"column":20},"end":{"line":54,"column":null}},"12":{"start":{"line":55,"column":20},"end":{"line":55,"column":null}},"13":{"start":{"line":57,"column":4},"end":{"line":59,"column":35}},"14":{"start":{"line":61,"column":24},"end":{"line":61,"column":null}},"15":{"start":{"line":63,"column":2},"end":{"line":68,"column":null}},"16":{"start":{"line":64,"column":4},"end":{"line":68,"column":null}},"17":{"start":{"line":73,"column":2},"end":{"line":77,"column":null}},"18":{"start":{"line":74,"column":4},"end":{"line":77,"column":null}},"19":{"start":{"line":81,"column":2},"end":{"line":130,"column":null}}},"fnMap":{"0":{"name":"Skeleton","decl":{"start":{"line":21,"column":9},"end":{"line":21,"column":18}},"loc":{"start":{"line":21,"column":57},"end":{"line":23,"column":null}},"line":21},"1":{"name":"AssetCard","decl":{"start":{"line":27,"column":16},"end":{"line":27,"column":26}},"loc":{"start":{"line":37,"column":19},"end":{"line":130,"column":null}},"line":37}},"branchMap":{"0":{"loc":{"start":{"line":23,"column":74},"end":{"line":23,"column":95}},"type":"binary-expr","locations":[{"start":{"line":23,"column":74},"end":{"line":23,"column":87}},{"start":{"line":23,"column":87},"end":{"line":23,"column":95}}],"line":23},"1":{"loc":{"start":{"line":33,"column":2},"end":{"line":33,"column":null}},"type":"default-arg","locations":[{"start":{"line":33,"column":13},"end":{"line":33,"column":null}}],"line":33},"2":{"loc":{"start":{"line":40,"column":21},"end":{"line":40,"column":null}},"type":"binary-expr","locations":[{"start":{"line":40,"column":21},"end":{"line":40,"column":52}},{"start":{"line":40,"column":52},"end":{"line":40,"column":null}}],"line":40},"3":{"loc":{"start":{"line":41,"column":28},"end":{"line":41,"column":null}},"type":"binary-expr","locations":[{"start":{"line":41,"column":28},"end":{"line":41,"column":58}},{"start":{"line":41,"column":58},"end":{"line":41,"column":null}}],"line":41},"4":{"loc":{"start":{"line":46,"column":19},"end":{"line":46,"column":null}},"type":"cond-expr","locations":[{"start":{"line":46,"column":41},"end":{"line":46,"column":80}},{"start":{"line":46,"column":80},"end":{"line":46,"column":null}}],"line":46},"5":{"loc":{"start":{"line":46,"column":41},"end":{"line":46,"column":80}},"type":"cond-expr","locations":[{"start":{"line":46,"column":56},"end":{"line":46,"column":75}},{"start":{"line":46,"column":75},"end":{"line":46,"column":80}}],"line":46},"6":{"loc":{"start":{"line":47,"column":19},"end":{"line":47,"column":null}},"type":"cond-expr","locations":[{"start":{"line":47,"column":40},"end":{"line":47,"column":48}},{"start":{"line":47,"column":48},"end":{"line":47,"column":null}}],"line":47},"7":{"loc":{"start":{"line":49,"column":4},"end":{"line":51,"column":null}},"type":"cond-expr","locations":[{"start":{"line":50,"column":8},"end":{"line":50,"column":null}},{"start":{"line":51,"column":8},"end":{"line":51,"column":null}}],"line":49},"8":{"loc":{"start":{"line":54,"column":20},"end":{"line":54,"column":null}},"type":"cond-expr","locations":[{"start":{"line":54,"column":42},"end":{"line":54,"column":82}},{"start":{"line":54,"column":82},"end":{"line":54,"column":null}}],"line":54},"9":{"loc":{"start":{"line":54,"column":42},"end":{"line":54,"column":82}},"type":"cond-expr","locations":[{"start":{"line":54,"column":57},"end":{"line":54,"column":77}},{"start":{"line":54,"column":77},"end":{"line":54,"column":82}}],"line":54},"10":{"loc":{"start":{"line":55,"column":20},"end":{"line":55,"column":null}},"type":"cond-expr","locations":[{"start":{"line":55,"column":41},"end":{"line":55,"column":50}},{"start":{"line":55,"column":50},"end":{"line":55,"column":null}}],"line":55},"11":{"loc":{"start":{"line":57,"column":4},"end":{"line":59,"column":35}},"type":"cond-expr","locations":[{"start":{"line":58,"column":8},"end":{"line":58,"column":35}},{"start":{"line":59,"column":8},"end":{"line":59,"column":35}}],"line":57},"12":{"loc":{"start":{"line":63,"column":2},"end":{"line":68,"column":null}},"type":"if","locations":[{"start":{"line":63,"column":2},"end":{"line":68,"column":null}},{"start":{},"end":{}}],"line":63},"13":{"loc":{"start":{"line":73,"column":2},"end":{"line":77,"column":null}},"type":"if","locations":[{"start":{"line":73,"column":2},"end":{"line":77,"column":null}},{"start":{},"end":{}}],"line":73},"14":{"loc":{"start":{"line":88,"column":11},"end":{"line":93,"column":null}},"type":"binary-expr","locations":[{"start":{"line":88,"column":11},"end":{"line":88,"column":null}},{"start":{"line":89,"column":12},"end":{"line":93,"column":null}}],"line":88},"15":{"loc":{"start":{"line":94,"column":9},"end":{"line":99,"column":null}},"type":"cond-expr","locations":[{"start":{"line":95,"column":10},"end":{"line":96,"column":null}},{"start":{"line":96,"column":12},"end":{"line":99,"column":null}}],"line":94},"16":{"loc":{"start":{"line":96,"column":12},"end":{"line":99,"column":null}},"type":"cond-expr","locations":[{"start":{"line":97,"column":10},"end":{"line":99,"column":11}},{"start":{"line":99,"column":10},"end":{"line":99,"column":null}}],"line":96},"17":{"loc":{"start":{"line":108,"column":7},"end":{"line":111,"column":null}},"type":"binary-expr","locations":[{"start":{"line":108,"column":7},"end":{"line":108,"column":null}},{"start":{"line":109,"column":8},"end":{"line":111,"column":null}}],"line":108},"18":{"loc":{"start":{"line":117,"column":12},"end":{"line":117,"column":75}},"type":"cond-expr","locations":[{"start":{"line":117,"column":24},"end":{"line":117,"column":42}},{"start":{"line":117,"column":24},"end":{"line":117,"column":75}}],"line":117},"19":{"loc":{"start":{"line":124,"column":12},"end":{"line":126,"column":54}},"type":"cond-expr","locations":[{"start":{"line":125,"column":16},"end":{"line":125,"column":null}},{"start":{"line":125,"column":16},"end":{"line":126,"column":54}}],"line":124}},"s":{"0":1,"1":3,"2":8,"3":8,"4":8,"5":8,"6":8,"7":8,"8":8,"9":8,"10":8,"11":8,"12":8,"13":8,"14":8,"15":8,"16":1,"17":7,"18":1,"19":6},"f":{"0":3,"1":8},"b":{"0":[3,0],"1":[8],"2":[8,0],"3":[8,0],"4":[0,8],"5":[0,0],"6":[0,8],"7":[0,8],"8":[0,8],"9":[0,0],"10":[0,8],"11":[0,8],"12":[1,7],"13":[1,6],"14":[6,1],"15":[1,5],"16":[5,0],"17":[8,6],"18":[1,5],"19":[1,5]},"meta":{"lastBranch":20,"lastFunction":2,"lastStatement":20,"seen":{"s:1:0:1:Infinity":0,"f:21:9:21:18":0,"s:22:2:23:Infinity":1,"b:23:74:23:87:23:87:23:95":0,"f:27:16:27:26":1,"b:33:13:33:Infinity":1,"s:38:10:38:36":2,"s:39:10:39:40":3,"s:40:21:40:Infinity":4,"b:40:21:40:52:40:52:40:Infinity":2,"s:41:28:41:Infinity":5,"b:41:28:41:58:41:58:41:Infinity":3,"s:42:21:42:Infinity":6,"s:43:20:43:Infinity":7,"s:46:19:46:Infinity":8,"b:46:41:46:80:46:80:46:Infinity":4,"b:46:56:46:75:46:75:46:80":5,"s:47:19:47:Infinity":9,"b:47:40:47:48:47:48:47:Infinity":6,"s:49:4:51:Infinity":10,"b:50:8:50:Infinity:51:8:51:Infinity":7,"s:54:20:54:Infinity":11,"b:54:42:54:82:54:82:54:Infinity":8,"b:54:57:54:77:54:77:54:82":9,"s:55:20:55:Infinity":12,"b:55:41:55:50:55:50:55:Infinity":10,"s:57:4:59:35":13,"b:58:8:58:35:59:8:59:35":11,"s:61:24:61:Infinity":14,"b:63:2:68:Infinity:undefined:undefined:undefined:undefined":12,"s:63:2:68:Infinity":15,"s:64:4:68:Infinity":16,"b:73:2:77:Infinity:undefined:undefined:undefined:undefined":13,"s:73:2:77:Infinity":17,"s:74:4:77:Infinity":18,"s:81:2:130:Infinity":19,"b:88:11:88:Infinity:89:12:93:Infinity":14,"b:95:10:96:Infinity:96:12:99:Infinity":15,"b:97:10:99:11:99:10:99:Infinity":16,"b:108:7:108:Infinity:109:8:111:Infinity":17,"b:117:24:117:42:117:24:117:75":18,"b:125:16:125:Infinity:125:16:126:54":19}}}
,"/Users/cynthiachuang/Justin_Dev/Finance_Dashboard/components/portfolio/LotTable.tsx": {"path":"/Users/cynthiachuang/Justin_Dev/Finance_Dashboard/components/portfolio/LotTable.tsx","statementMap":{"0":{"start":{"line":1,"column":0},"end":{"line":1,"column":null}},"1":{"start":{"line":20,"column":2},"end":{"line":20,"column":null}},"2":{"start":{"line":23,"column":2},"end":{"line":23,"column":null}},"3":{"start":{"line":27,"column":14},"end":{"line":27,"column":null}},"4":{"start":{"line":28,"column":2},"end":{"line":28,"column":null}},"5":{"start":{"line":31,"column":14},"end":{"line":31,"column":null}},"6":{"start":{"line":32,"column":2},"end":{"line":32,"column":null}},"7":{"start":{"line":36,"column":19},"end":{"line":36,"column":63}},"8":{"start":{"line":36,"column":43},"end":{"line":36,"column":63}},"9":{"start":{"line":39,"column":58},"end":{"line":39,"column":60}},"10":{"start":{"line":40,"column":2},"end":{"line":43,"column":null}},"11":{"start":{"line":41,"column":16},"end":{"line":41,"column":null}},"12":{"start":{"line":42,"column":4},"end":{"line":42,"column":null}},"13":{"start":{"line":42,"column":35},"end":{"line":42,"column":null}},"14":{"start":{"line":43,"column":4},"end":{"line":43,"column":null}},"15":{"start":{"line":47,"column":28},"end":{"line":48,"column":null}},"16":{"start":{"line":47,"column":47},"end":{"line":48,"column":82}},"17":{"start":{"line":48,"column":50},"end":{"line":48,"column":82}},"18":{"start":{"line":51,"column":21},"end":{"line":51,"column":null}},"19":{"start":{"line":53,"column":29},"end":{"line":53,"column":86}},"20":{"start":{"line":55,"column":4},"end":{"line":59,"column":null}},"21":{"start":{"line":56,"column":19},"end":{"line":56,"column":32}},"22":{"start":{"line":57,"column":6},"end":{"line":57,"column":null}},"23":{"start":{"line":58,"column":6},"end":{"line":58,"column":null}},"24":{"start":{"line":62,"column":18},"end":{"line":62,"column":null}},"25":{"start":{"line":64,"column":2},"end":{"line":263,"column":null}},"26":{"start":{"line":72,"column":27},"end":{"line":72,"column":84}},"27":{"start":{"line":72,"column":77},"end":{"line":72,"column":82}},"28":{"start":{"line":78,"column":27},"end":{"line":78,"column":59}},"29":{"start":{"line":84,"column":27},"end":{"line":84,"column":34}},"30":{"start":{"line":116,"column":22},"end":{"line":117,"column":59}},"31":{"start":{"line":117,"column":27},"end":{"line":117,"column":59}},"32":{"start":{"line":119,"column":16},"end":{"line":258,"column":null}},"33":{"start":{"line":138,"column":35},"end":{"line":138,"column":49}},"34":{"start":{"line":140,"column":43},"end":{"line":140,"column":129}},"35":{"start":{"line":140,"column":62},"end":{"line":140,"column":79}},"36":{"start":{"line":140,"column":97},"end":{"line":140,"column":125}},"37":{"start":{"line":141,"column":43},"end":{"line":141,"column":130}},"38":{"start":{"line":141,"column":62},"end":{"line":141,"column":80}},"39":{"start":{"line":141,"column":98},"end":{"line":141,"column":126}},"40":{"start":{"line":142,"column":43},"end":{"line":142,"column":129}},"41":{"start":{"line":142,"column":62},"end":{"line":142,"column":79}},"42":{"start":{"line":142,"column":97},"end":{"line":142,"column":125}},"43":{"start":{"line":143,"column":43},"end":{"line":143,"column":130}},"44":{"start":{"line":143,"column":62},"end":{"line":143,"column":80}},"45":{"start":{"line":143,"column":98},"end":{"line":143,"column":126}},"46":{"start":{"line":145,"column":38},"end":{"line":145,"column":90}},"47":{"start":{"line":146,"column":38},"end":{"line":146,"column":91}},"48":{"start":{"line":148,"column":22},"end":{"line":255,"column":null}},"49":{"start":{"line":153,"column":43},"end":{"line":153,"column":65}},"50":{"start":{"line":177,"column":70},"end":{"line":177,"column":89}},"51":{"start":{"line":179,"column":47},"end":{"line":179,"column":60}},"52":{"start":{"line":189,"column":43},"end":{"line":189,"column":68}},"53":{"start":{"line":190,"column":43},"end":{"line":190,"column":68}},"54":{"start":{"line":191,"column":41},"end":{"line":191,"column":null}},"55":{"start":{"line":192,"column":49},"end":{"line":192,"column":null}},"56":{"start":{"line":193,"column":49},"end":{"line":193,"column":null}},"57":{"start":{"line":195,"column":28},"end":{"line":252,"column":null}},"58":{"start":{"line":237,"column":53},"end":{"line":237,"column":71}},"59":{"start":{"line":244,"column":53},"end":{"line":244,"column":76}}},"fnMap":{"0":{"name":"fmtUSD","decl":{"start":{"line":19,"column":9},"end":{"line":19,"column":16}},"loc":{"start":{"line":19,"column":27},"end":{"line":20,"column":null}},"line":19},"1":{"name":"fmtTWD","decl":{"start":{"line":22,"column":9},"end":{"line":22,"column":16}},"loc":{"start":{"line":22,"column":27},"end":{"line":23,"column":null}},"line":22},"2":{"name":"txAmountUSD","decl":{"start":{"line":26,"column":9},"end":{"line":26,"column":21}},"loc":{"start":{"line":26,"column":64},"end":{"line":28,"column":null}},"line":26},"3":{"name":"txAmountTWD","decl":{"start":{"line":30,"column":9},"end":{"line":30,"column":21}},"loc":{"start":{"line":30,"column":64},"end":{"line":32,"column":null}},"line":30},"4":{"name":"LotTable","decl":{"start":{"line":35,"column":16},"end":{"line":35,"column":25}},"loc":{"start":{"line":35,"column":150},"end":{"line":263,"column":null}},"line":35},"5":{"name":"(anonymous_5)","decl":{"start":{"line":36,"column":29},"end":{"line":36,"column":37}},"loc":{"start":{"line":36,"column":43},"end":{"line":36,"column":63}},"line":36},"6":{"name":"(anonymous_6)","decl":{"start":{"line":47,"column":39},"end":{"line":47,"column":47}},"loc":{"start":{"line":47,"column":47},"end":{"line":48,"column":82}},"line":47},"7":{"name":"(anonymous_7)","decl":{"start":{"line":48,"column":44},"end":{"line":48,"column":50}},"loc":{"start":{"line":48,"column":50},"end":{"line":48,"column":82}},"line":48},"8":{"name":"togglePosition","decl":{"start":{"line":54,"column":11},"end":{"line":54,"column":26}},"loc":{"start":{"line":54,"column":41},"end":{"line":59,"column":null}},"line":54},"9":{"name":"(anonymous_9)","decl":{"start":{"line":55,"column":4},"end":{"line":55,"column":27}},"loc":{"start":{"line":55,"column":36},"end":{"line":59,"column":null}},"line":55},"10":{"name":"(anonymous_10)","decl":{"start":{"line":72,"column":12},"end":{"line":72,"column":27}},"loc":{"start":{"line":72,"column":27},"end":{"line":72,"column":84}},"line":72},"11":{"name":"(anonymous_11)","decl":{"start":{"line":72,"column":66},"end":{"line":72,"column":71}},"loc":{"start":{"line":72,"column":77},"end":{"line":72,"column":82}},"line":72},"12":{"name":"(anonymous_12)","decl":{"start":{"line":78,"column":12},"end":{"line":78,"column":27}},"loc":{"start":{"line":78,"column":27},"end":{"line":78,"column":59}},"line":78},"13":{"name":"(anonymous_13)","decl":{"start":{"line":84,"column":12},"end":{"line":84,"column":27}},"loc":{"start":{"line":84,"column":27},"end":{"line":84,"column":34}},"line":84},"14":{"name":"(anonymous_14)","decl":{"start":{"line":115,"column":33},"end":{"line":115,"column":38}},"loc":{"start":{"line":115,"column":46},"end":{"line":260,"column":null}},"line":115},"15":{"name":"(anonymous_15)","decl":{"start":{"line":117,"column":19},"end":{"line":117,"column":27}},"loc":{"start":{"line":117,"column":27},"end":{"line":117,"column":59}},"line":117},"16":{"name":"(anonymous_16)","decl":{"start":{"line":137,"column":34},"end":{"line":137,"column":39}},"loc":{"start":{"line":137,"column":47},"end":{"line":257,"column":null}},"line":137},"17":{"name":"(anonymous_17)","decl":{"start":{"line":140,"column":48},"end":{"line":140,"column":56}},"loc":{"start":{"line":140,"column":62},"end":{"line":140,"column":79}},"line":140},"18":{"name":"(anonymous_18)","decl":{"start":{"line":140,"column":80},"end":{"line":140,"column":88}},"loc":{"start":{"line":140,"column":97},"end":{"line":140,"column":125}},"line":140},"19":{"name":"(anonymous_19)","decl":{"start":{"line":141,"column":48},"end":{"line":141,"column":56}},"loc":{"start":{"line":141,"column":62},"end":{"line":141,"column":80}},"line":141},"20":{"name":"(anonymous_20)","decl":{"start":{"line":141,"column":81},"end":{"line":141,"column":89}},"loc":{"start":{"line":141,"column":98},"end":{"line":141,"column":126}},"line":141},"21":{"name":"(anonymous_21)","decl":{"start":{"line":142,"column":48},"end":{"line":142,"column":56}},"loc":{"start":{"line":142,"column":62},"end":{"line":142,"column":79}},"line":142},"22":{"name":"(anonymous_22)","decl":{"start":{"line":142,"column":80},"end":{"line":142,"column":88}},"loc":{"start":{"line":142,"column":97},"end":{"line":142,"column":125}},"line":142},"23":{"name":"(anonymous_23)","decl":{"start":{"line":143,"column":48},"end":{"line":143,"column":56}},"loc":{"start":{"line":143,"column":62},"end":{"line":143,"column":80}},"line":143},"24":{"name":"(anonymous_24)","decl":{"start":{"line":143,"column":81},"end":{"line":143,"column":89}},"loc":{"start":{"line":143,"column":98},"end":{"line":143,"column":126}},"line":143},"25":{"name":"(anonymous_25)","decl":{"start":{"line":153,"column":28},"end":{"line":153,"column":43}},"loc":{"start":{"line":153,"column":43},"end":{"line":153,"column":65}},"line":153},"26":{"name":"(anonymous_26)","decl":{"start":{"line":177,"column":54},"end":{"line":177,"column":64}},"loc":{"start":{"line":177,"column":70},"end":{"line":177,"column":89}},"line":177},"27":{"name":"(anonymous_27)","decl":{"start":{"line":179,"column":32},"end":{"line":179,"column":47}},"loc":{"start":{"line":179,"column":47},"end":{"line":179,"column":60}},"line":179},"28":{"name":"(anonymous_28)","decl":{"start":{"line":188,"column":67},"end":{"line":188,"column":72}},"loc":{"start":{"line":188,"column":79},"end":{"line":254,"column":null}},"line":188},"29":{"name":"(anonymous_29)","decl":{"start":{"line":237,"column":38},"end":{"line":237,"column":53}},"loc":{"start":{"line":237,"column":53},"end":{"line":237,"column":71}},"line":237},"30":{"name":"(anonymous_30)","decl":{"start":{"line":244,"column":38},"end":{"line":244,"column":53}},"loc":{"start":{"line":244,"column":53},"end":{"line":244,"column":76}},"line":244}},"branchMap":{"0":{"loc":{"start":{"line":28,"column":9},"end":{"line":28,"column":null}},"type":"cond-expr","locations":[{"start":{"line":28,"column":33},"end":{"line":28,"column":50}},{"start":{"line":28,"column":50},"end":{"line":28,"column":null}}],"line":28},"1":{"loc":{"start":{"line":32,"column":9},"end":{"line":32,"column":null}},"type":"cond-expr","locations":[{"start":{"line":32,"column":33},"end":{"line":32,"column":39}},{"start":{"line":32,"column":39},"end":{"line":32,"column":null}}],"line":32},"2":{"loc":{"start":{"line":35,"column":60},"end":{"line":35,"column":87}},"type":"default-arg","locations":[{"start":{"line":35,"column":80},"end":{"line":35,"column":87}}],"line":35},"3":{"loc":{"start":{"line":35,"column":87},"end":{"line":35,"column":108}},"type":"default-arg","locations":[{"start":{"line":35,"column":101},"end":{"line":35,"column":108}}],"line":35},"4":{"loc":{"start":{"line":41,"column":16},"end":{"line":41,"column":null}},"type":"binary-expr","locations":[{"start":{"line":41,"column":16},"end":{"line":41,"column":32}},{"start":{"line":41,"column":32},"end":{"line":41,"column":null}}],"line":41},"5":{"loc":{"start":{"line":42,"column":4},"end":{"line":42,"column":null}},"type":"if","locations":[{"start":{"line":42,"column":4},"end":{"line":42,"column":null}},{"start":{},"end":{}}],"line":42},"6":{"loc":{"start":{"line":48,"column":5},"end":{"line":48,"column":42}},"type":"binary-expr","locations":[{"start":{"line":48,"column":5},"end":{"line":48,"column":40}},{"start":{"line":48,"column":40},"end":{"line":48,"column":42}}],"line":48},"7":{"loc":{"start":{"line":48,"column":57},"end":{"line":48,"column":80}},"type":"binary-expr","locations":[{"start":{"line":48,"column":57},"end":{"line":48,"column":75}},{"start":{"line":48,"column":75},"end":{"line":48,"column":80}}],"line":48},"8":{"loc":{"start":{"line":57,"column":6},"end":{"line":57,"column":60}},"type":"cond-expr","locations":[{"start":{"line":57,"column":24},"end":{"line":57,"column":42}},{"start":{"line":57,"column":45},"end":{"line":57,"column":60}}],"line":57},"9":{"loc":{"start":{"line":93,"column":7},"end":{"line":263,"column":null}},"type":"cond-expr","locations":[{"start":{"line":94,"column":8},"end":{"line":98,"column":9}},{"start":{"line":98,"column":8},"end":{"line":263,"column":null}}],"line":93},"10":{"loc":{"start":{"line":109,"column":23},"end":{"line":109,"column":47}},"type":"cond-expr","locations":[{"start":{"line":109,"column":33},"end":{"line":109,"column":41}},{"start":{"line":109,"column":41},"end":{"line":109,"column":47}}],"line":109},"11":{"loc":{"start":{"line":116,"column":38},"end":{"line":116,"column":75}},"type":"binary-expr","locations":[{"start":{"line":116,"column":38},"end":{"line":116,"column":73}},{"start":{"line":116,"column":73},"end":{"line":116,"column":75}}],"line":116},"12":{"loc":{"start":{"line":117,"column":34},"end":{"line":117,"column":57}},"type":"binary-expr","locations":[{"start":{"line":117,"column":34},"end":{"line":117,"column":52}},{"start":{"line":117,"column":52},"end":{"line":117,"column":57}}],"line":117},"13":{"loc":{"start":{"line":138,"column":35},"end":{"line":138,"column":49}},"type":"binary-expr","locations":[{"start":{"line":138,"column":35},"end":{"line":138,"column":47}},{"start":{"line":138,"column":47},"end":{"line":138,"column":49}}],"line":138},"14":{"loc":{"start":{"line":145,"column":38},"end":{"line":145,"column":90}},"type":"cond-expr","locations":[{"start":{"line":145,"column":48},"end":{"line":145,"column":67}},{"start":{"line":145,"column":71},"end":{"line":145,"column":90}}],"line":145},"15":{"loc":{"start":{"line":146,"column":38},"end":{"line":146,"column":91}},"type":"cond-expr","locations":[{"start":{"line":146,"column":48},"end":{"line":146,"column":68}},{"start":{"line":146,"column":71},"end":{"line":146,"column":91}}],"line":146},"16":{"loc":{"start":{"line":157,"column":33},"end":{"line":159,"column":null}},"type":"cond-expr","locations":[{"start":{"line":158,"column":36},"end":{"line":159,"column":37}},{"start":{"line":159,"column":36},"end":{"line":159,"column":null}}],"line":157},"17":{"loc":{"start":{"line":168,"column":31},"end":{"line":174,"column":null}},"type":"binary-expr","locations":[{"start":{"line":168,"column":31},"end":{"line":168,"column":null}},{"start":{"line":169,"column":32},"end":{"line":174,"column":null}}],"line":168},"18":{"loc":{"start":{"line":170,"column":70},"end":{"line":170,"column":null}},"type":"cond-expr","locations":[{"start":{"line":170,"column":84},"end":{"line":170,"column":98}},{"start":{"line":170,"column":98},"end":{"line":170,"column":null}}],"line":170},"19":{"loc":{"start":{"line":171,"column":36},"end":{"line":174,"column":null}},"type":"binary-expr","locations":[{"start":{"line":171,"column":36},"end":{"line":171,"column":null}},{"start":{"line":172,"column":36},"end":{"line":174,"column":null}}],"line":171},"20":{"loc":{"start":{"line":171,"column":36},"end":{"line":171,"column":77}},"type":"cond-expr","locations":[{"start":{"line":171,"column":46},"end":{"line":171,"column":61}},{"start":{"line":171,"column":61},"end":{"line":171,"column":77}}],"line":171},"21":{"loc":{"start":{"line":172,"column":75},"end":{"line":172,"column":null}},"type":"cond-expr","locations":[{"start":{"line":172,"column":89},"end":{"line":172,"column":103}},{"start":{"line":172,"column":103},"end":{"line":172,"column":null}}],"line":172},"22":{"loc":{"start":{"line":188,"column":27},"end":{"line":254,"column":null}},"type":"binary-expr","locations":[{"start":{"line":188,"column":27},"end":{"line":188,"column":58}},{"start":{"line":188,"column":62},"end":{"line":254,"column":null}}],"line":188},"23":{"loc":{"start":{"line":191,"column":41},"end":{"line":191,"column":null}},"type":"cond-expr","locations":[{"start":{"line":191,"column":62},"end":{"line":191,"column":68}},{"start":{"line":191,"column":68},"end":{"line":191,"column":null}}],"line":191},"24":{"loc":{"start":{"line":192,"column":49},"end":{"line":192,"column":null}},"type":"cond-expr","locations":[{"start":{"line":192,"column":59},"end":{"line":192,"column":89}},{"start":{"line":192,"column":89},"end":{"line":192,"column":null}}],"line":192},"25":{"loc":{"start":{"line":193,"column":49},"end":{"line":193,"column":null}},"type":"cond-expr","locations":[{"start":{"line":193,"column":59},"end":{"line":193,"column":88}},{"start":{"line":193,"column":88},"end":{"line":193,"column":null}}],"line":193},"26":{"loc":{"start":{"line":203,"column":36},"end":{"line":205,"column":null}},"type":"cond-expr","locations":[{"start":{"line":204,"column":40},"end":{"line":204,"column":null}},{"start":{"line":205,"column":40},"end":{"line":205,"column":null}}],"line":203},"27":{"loc":{"start":{"line":207,"column":37},"end":{"line":207,"column":null}},"type":"cond-expr","locations":[{"start":{"line":207,"column":57},"end":{"line":207,"column":64}},{"start":{"line":207,"column":64},"end":{"line":207,"column":null}}],"line":207},"28":{"loc":{"start":{"line":211,"column":35},"end":{"line":211,"column":null}},"type":"binary-expr","locations":[{"start":{"line":211,"column":35},"end":{"line":211,"column":46}},{"start":{"line":211,"column":46},"end":{"line":211,"column":null}}],"line":211},"29":{"loc":{"start":{"line":217,"column":35},"end":{"line":217,"column":null}},"type":"cond-expr","locations":[{"start":{"line":217,"column":49},"end":{"line":217,"column":63}},{"start":{"line":217,"column":63},"end":{"line":217,"column":null}}],"line":217},"30":{"loc":{"start":{"line":223,"column":34},"end":{"line":225,"column":null}},"type":"cond-expr","locations":[{"start":{"line":224,"column":38},"end":{"line":224,"column":null}},{"start":{"line":225,"column":38},"end":{"line":225,"column":null}}],"line":223},"31":{"loc":{"start":{"line":227,"column":35},"end":{"line":232,"column":null}},"type":"cond-expr","locations":[{"start":{"line":228,"column":36},"end":{"line":232,"column":null}},{"start":{"line":232,"column":38},"end":{"line":232,"column":null}}],"line":227},"32":{"loc":{"start":{"line":229,"column":44},"end":{"line":229,"column":89}},"type":"cond-expr","locations":[{"start":{"line":229,"column":58},"end":{"line":229,"column":72}},{"start":{"line":229,"column":72},"end":{"line":229,"column":89}}],"line":229},"33":{"loc":{"start":{"line":230,"column":75},"end":{"line":230,"column":122}},"type":"cond-expr","locations":[{"start":{"line":230,"column":89},"end":{"line":230,"column":103}},{"start":{"line":230,"column":103},"end":{"line":230,"column":122}}],"line":230}},"s":{"0":1,"1":46,"2":14,"3":31,"4":31,"5":31,"6":31,"7":18,"8":16,"9":18,"10":18,"11":16,"12":16,"13":16,"14":16,"15":18,"16":36,"17":16,"18":18,"19":18,"20":2,"21":2,"22":2,"23":2,"24":18,"25":18,"26":2,"27":2,"28":1,"29":0,"30":16,"31":16,"32":16,"33":16,"34":16,"35":17,"36":15,"37":16,"38":17,"39":2,"40":16,"41":17,"42":15,"43":16,"44":17,"45":2,"46":16,"47":16,"48":16,"49":2,"50":1,"51":1,"52":14,"53":14,"54":14,"55":14,"56":14,"57":14,"58":1,"59":1},"f":{"0":46,"1":14,"2":31,"3":31,"4":18,"5":16,"6":36,"7":16,"8":2,"9":2,"10":2,"11":2,"12":1,"13":0,"14":16,"15":16,"16":16,"17":17,"18":15,"19":17,"20":2,"21":17,"22":15,"23":17,"24":2,"25":2,"26":1,"27":1,"28":14,"29":1,"30":1},"b":{"0":[0,31],"1":[0,31],"2":[18],"3":[18],"4":[16,16],"5":[16,0],"6":[36,20],"7":[16,0],"8":[1,1],"9":[2,16],"10":[0,16],"11":[16,0],"12":[16,0],"13":[16,0],"14":[0,16],"15":[0,16],"16":[3,13],"17":[16,16],"18":[0,16],"19":[16,2],"20":[0,16],"21":[0,2],"22":[16,13],"23":[2,12],"24":[0,14],"25":[0,14],"26":[12,2],"27":[12,2],"28":[14,0],"29":[0,14],"30":[12,2],"31":[14,0],"32":[0,14],"33":[0,14]},"meta":{"lastBranch":34,"lastFunction":31,"lastStatement":60,"seen":{"s:1:0:1:Infinity":0,"f:19:9:19:16":0,"s:20:2:20:Infinity":1,"f:22:9:22:16":1,"s:23:2:23:Infinity":2,"f:26:9:26:21":2,"s:27:14:27:Infinity":3,"s:28:2:28:Infinity":4,"b:28:33:28:50:28:50:28:Infinity":0,"f:30:9:30:21":3,"s:31:14:31:Infinity":5,"s:32:2:32:Infinity":6,"b:32:33:32:39:32:39:32:Infinity":1,"f:35:16:35:25":4,"b:35:80:35:87":2,"b:35:101:35:108":3,"s:36:19:36:63":7,"f:36:29:36:37":5,"s:36:43:36:63":8,"s:39:58:39:60":9,"s:40:2:43:Infinity":10,"s:41:16:41:Infinity":11,"b:41:16:41:32:41:32:41:Infinity":4,"b:42:4:42:Infinity:undefined:undefined:undefined:undefined":5,"s:42:4:42:Infinity":12,"s:42:35:42:Infinity":13,"s:43:4:43:Infinity":14,"s:47:28:48:Infinity":15,"f:47:39:47:47":6,"s:47:47:48:82":16,"b:48:5:48:40:48:40:48:42":6,"f:48:44:48:50":7,"s:48:50:48:82":17,"b:48:57:48:75:48:75:48:80":7,"s:51:21:51:Infinity":18,"s:53:29:53:86":19,"f:54:11:54:26":8,"s:55:4:59:Infinity":20,"f:55:4:55:27":9,"s:56:19:56:32":21,"s:57:6:57:Infinity":22,"b:57:24:57:42:57:45:57:60":8,"s:58:6:58:Infinity":23,"s:62:18:62:Infinity":24,"s:64:2:263:Infinity":25,"f:72:12:72:27":10,"s:72:27:72:84":26,"f:72:66:72:71":11,"s:72:77:72:82":27,"f:78:12:78:27":12,"s:78:27:78:59":28,"f:84:12:84:27":13,"s:84:27:84:34":29,"b:94:8:98:9:98:8:263:Infinity":9,"b:109:33:109:41:109:41:109:47":10,"f:115:33:115:38":14,"s:116:22:117:59":30,"b:116:38:116:73:116:73:116:75":11,"f:117:19:117:27":15,"s:117:27:117:59":31,"b:117:34:117:52:117:52:117:57":12,"s:119:16:258:Infinity":32,"f:137:34:137:39":16,"s:138:35:138:49":33,"b:138:35:138:47:138:47:138:49":13,"s:140:43:140:129":34,"f:140:48:140:56":17,"s:140:62:140:79":35,"f:140:80:140:88":18,"s:140:97:140:125":36,"s:141:43:141:130":37,"f:141:48:141:56":19,"s:141:62:141:80":38,"f:141:81:141:89":20,"s:141:98:141:126":39,"s:142:43:142:129":40,"f:142:48:142:56":21,"s:142:62:142:79":41,"f:142:80:142:88":22,"s:142:97:142:125":42,"s:143:43:143:130":43,"f:143:48:143:56":23,"s:143:62:143:80":44,"f:143:81:143:89":24,"s:143:98:143:126":45,"s:145:38:145:90":46,"b:145:48:145:67:145:71:145:90":14,"s:146:38:146:91":47,"b:146:48:146:68:146:71:146:91":15,"s:148:22:255:Infinity":48,"f:153:28:153:43":25,"s:153:43:153:65":49,"b:158:36:159:37:159:36:159:Infinity":16,"b:168:31:168:Infinity:169:32:174:Infinity":17,"b:170:84:170:98:170:98:170:Infinity":18,"b:171:36:171:Infinity:172:36:174:Infinity":19,"b:171:46:171:61:171:61:171:77":20,"b:172:89:172:103:172:103:172:Infinity":21,"f:177:54:177:64":26,"s:177:70:177:89":50,"f:179:32:179:47":27,"s:179:47:179:60":51,"b:188:27:188:58:188:62:254:Infinity":22,"f:188:67:188:72":28,"s:189:43:189:68":52,"s:190:43:190:68":53,"s:191:41:191:Infinity":54,"b:191:62:191:68:191:68:191:Infinity":23,"s:192:49:192:Infinity":55,"b:192:59:192:89:192:89:192:Infinity":24,"s:193:49:193:Infinity":56,"b:193:59:193:88:193:88:193:Infinity":25,"s:195:28:252:Infinity":57,"b:204:40:204:Infinity:205:40:205:Infinity":26,"b:207:57:207:64:207:64:207:Infinity":27,"b:211:35:211:46:211:46:211:Infinity":28,"b:217:49:217:63:217:63:217:Infinity":29,"b:224:38:224:Infinity:225:38:225:Infinity":30,"b:228:36:232:Infinity:232:38:232:Infinity":31,"b:229:58:229:72:229:72:229:89":32,"b:230:89:230:103:230:103:230:122":33,"f:237:38:237:53":29,"s:237:53:237:71":58,"f:244:38:244:53":30,"s:244:53:244:76":59}}}
,"/Users/cynthiachuang/Justin_Dev/Finance_Dashboard/components/portfolio/PositionTable.tsx": {"path":"/Users/cynthiachuang/Justin_Dev/Finance_Dashboard/components/portfolio/PositionTable.tsx","statementMap":{"0":{"start":{"line":1,"column":0},"end":{"line":1,"column":null}},"1":{"start":{"line":24,"column":2},"end":{"line":24,"column":null}},"2":{"start":{"line":27,"column":2},"end":{"line":27,"column":null}},"3":{"start":{"line":32,"column":21},"end":{"line":32,"column":null}},"4":{"start":{"line":33,"column":2},"end":{"line":37,"column":null}},"5":{"start":{"line":34,"column":4},"end":{"line":37,"column":null}},"6":{"start":{"line":41,"column":31},"end":{"line":43,"column":32}},"7":{"start":{"line":44,"column":2},"end":{"line":47,"column":null}},"8":{"start":{"line":54,"column":2},"end":{"line":58,"column":null}},"9":{"start":{"line":55,"column":4},"end":{"line":58,"column":null}},"10":{"start":{"line":62,"column":31},"end":{"line":64,"column":32}},"11":{"start":{"line":65,"column":2},"end":{"line":68,"column":null}},"12":{"start":{"line":77,"column":8},"end":{"line":77,"column":null}},"13":{"start":{"line":77,"column":30},"end":{"line":77,"column":null}},"14":{"start":{"line":78,"column":8},"end":{"line":78,"column":52}},"15":{"start":{"line":79,"column":17},"end":{"line":79,"column":null}},"16":{"start":{"line":81,"column":2},"end":{"line":85,"column":null}},"17":{"start":{"line":82,"column":4},"end":{"line":85,"column":null}},"18":{"start":{"line":90,"column":2},"end":{"line":94,"column":null}},"19":{"start":{"line":91,"column":4},"end":{"line":94,"column":null}},"20":{"start":{"line":98,"column":2},"end":{"line":101,"column":null}},"21":{"start":{"line":115,"column":16},"end":{"line":115,"column":62}},"22":{"start":{"line":117,"column":8},"end":{"line":120,"column":null}},"23":{"start":{"line":118,"column":19},"end":{"line":118,"column":69}},"24":{"start":{"line":119,"column":4},"end":{"line":119,"column":null}},"25":{"start":{"line":120,"column":4},"end":{"line":120,"column":null}},"26":{"start":{"line":123,"column":2},"end":{"line":134,"column":null}},"27":{"start":{"line":127,"column":23},"end":{"line":127,"column":47}},"28":{"start":{"line":129,"column":26},"end":{"line":129,"column":null}},"29":{"start":{"line":129,"column":50},"end":{"line":129,"column":null}},"30":{"start":{"line":150,"column":22},"end":{"line":150,"column":71}},"31":{"start":{"line":150,"column":52},"end":{"line":150,"column":71}},"32":{"start":{"line":152,"column":30},"end":{"line":152,"column":88}},"33":{"start":{"line":154,"column":4},"end":{"line":158,"column":null}},"34":{"start":{"line":155,"column":19},"end":{"line":155,"column":32}},"35":{"start":{"line":156,"column":6},"end":{"line":156,"column":null}},"36":{"start":{"line":157,"column":6},"end":{"line":157,"column":null}},"37":{"start":{"line":161,"column":2},"end":{"line":371,"column":null}},"38":{"start":{"line":176,"column":27},"end":{"line":176,"column":98}},"39":{"start":{"line":176,"column":87},"end":{"line":176,"column":96}},"40":{"start":{"line":182,"column":27},"end":{"line":182,"column":60}},"41":{"start":{"line":218,"column":36},"end":{"line":218,"column":71}},"42":{"start":{"line":219,"column":16},"end":{"line":366,"column":null}},"43":{"start":{"line":225,"column":35},"end":{"line":225,"column":61}},"44":{"start":{"line":250,"column":75},"end":{"line":250,"column":94}},"45":{"start":{"line":302,"column":20},"end":{"line":364,"column":null}},"46":{"start":{"line":349,"column":43},"end":{"line":349,"column":62}},"47":{"start":{"line":356,"column":43},"end":{"line":356,"column":64}}},"fnMap":{"0":{"name":"fmtUSD","decl":{"start":{"line":23,"column":9},"end":{"line":23,"column":16}},"loc":{"start":{"line":23,"column":27},"end":{"line":24,"column":null}},"line":23},"1":{"name":"fmtTWD","decl":{"start":{"line":26,"column":9},"end":{"line":26,"column":16}},"loc":{"start":{"line":26,"column":27},"end":{"line":27,"column":null}},"line":26},"2":{"name":"ValuationCell","decl":{"start":{"line":31,"column":9},"end":{"line":31,"column":23}},"loc":{"start":{"line":31,"column":178},"end":{"line":47,"column":null}},"line":31},"3":{"name":"CostCell","decl":{"start":{"line":53,"column":9},"end":{"line":53,"column":18}},"loc":{"start":{"line":53,"column":151},"end":{"line":68,"column":null}},"line":53},"4":{"name":"PLCell","decl":{"start":{"line":74,"column":9},"end":{"line":74,"column":16}},"loc":{"start":{"line":76,"column":143},"end":{"line":101,"column":null}},"line":76},"5":{"name":"(anonymous_5)","decl":{"start":{"line":77,"column":8},"end":{"line":77,"column":16}},"loc":{"start":{"line":77,"column":30},"end":{"line":77,"column":null}},"line":77},"6":{"name":"CategoryTargetInput","decl":{"start":{"line":106,"column":9},"end":{"line":106,"column":29}},"loc":{"start":{"line":114,"column":3},"end":{"line":134,"column":null}},"line":114},"7":{"name":"(anonymous_7)","decl":{"start":{"line":117,"column":8},"end":{"line":117,"column":23}},"loc":{"start":{"line":117,"column":23},"end":{"line":120,"column":null}},"line":117},"8":{"name":"(anonymous_8)","decl":{"start":{"line":127,"column":6},"end":{"line":127,"column":17}},"loc":{"start":{"line":127,"column":23},"end":{"line":127,"column":47}},"line":127},"9":{"name":"(anonymous_9)","decl":{"start":{"line":129,"column":6},"end":{"line":129,"column":18}},"loc":{"start":{"line":129,"column":24},"end":{"line":129,"column":null}},"line":129},"10":{"name":"PositionTable","decl":{"start":{"line":138,"column":16},"end":{"line":138,"column":30}},"loc":{"start":{"line":149,"column":23},"end":{"line":371,"column":null}},"line":149},"11":{"name":"(anonymous_11)","decl":{"start":{"line":150,"column":40},"end":{"line":150,"column":46}},"loc":{"start":{"line":150,"column":52},"end":{"line":150,"column":71}},"line":150},"12":{"name":"toggleCategory","decl":{"start":{"line":153,"column":11},"end":{"line":153,"column":26}},"loc":{"start":{"line":153,"column":39},"end":{"line":158,"column":null}},"line":153},"13":{"name":"(anonymous_13)","decl":{"start":{"line":154,"column":4},"end":{"line":154,"column":28}},"loc":{"start":{"line":154,"column":37},"end":{"line":158,"column":null}},"line":154},"14":{"name":"(anonymous_14)","decl":{"start":{"line":176,"column":12},"end":{"line":176,"column":27}},"loc":{"start":{"line":176,"column":27},"end":{"line":176,"column":98}},"line":176},"15":{"name":"(anonymous_15)","decl":{"start":{"line":176,"column":76},"end":{"line":176,"column":81}},"loc":{"start":{"line":176,"column":87},"end":{"line":176,"column":96}},"line":176},"16":{"name":"(anonymous_16)","decl":{"start":{"line":182,"column":12},"end":{"line":182,"column":27}},"loc":{"start":{"line":182,"column":27},"end":{"line":182,"column":60}},"line":182},"17":{"name":"(anonymous_17)","decl":{"start":{"line":217,"column":33},"end":{"line":217,"column":38}},"loc":{"start":{"line":217,"column":46},"end":{"line":368,"column":null}},"line":217},"18":{"name":"(anonymous_18)","decl":{"start":{"line":225,"column":20},"end":{"line":225,"column":35}},"loc":{"start":{"line":225,"column":35},"end":{"line":225,"column":61}},"line":225},"19":{"name":"(anonymous_19)","decl":{"start":{"line":250,"column":59},"end":{"line":250,"column":69}},"loc":{"start":{"line":250,"column":75},"end":{"line":250,"column":94}},"line":250},"20":{"name":"(anonymous_20)","decl":{"start":{"line":301,"column":45},"end":{"line":301,"column":50}},"loc":{"start":{"line":302,"column":20},"end":{"line":364,"column":null}},"line":302},"21":{"name":"(anonymous_21)","decl":{"start":{"line":349,"column":28},"end":{"line":349,"column":43}},"loc":{"start":{"line":349,"column":43},"end":{"line":349,"column":62}},"line":349},"22":{"name":"(anonymous_22)","decl":{"start":{"line":356,"column":28},"end":{"line":356,"column":43}},"loc":{"start":{"line":356,"column":43},"end":{"line":356,"column":64}},"line":356}},"branchMap":{"0":{"loc":{"start":{"line":32,"column":21},"end":{"line":32,"column":null}},"type":"cond-expr","locations":[{"start":{"line":32,"column":28},"end":{"line":32,"column":77}},{"start":{"line":32,"column":77},"end":{"line":32,"column":null}}],"line":32},"1":{"loc":{"start":{"line":33,"column":2},"end":{"line":37,"column":null}},"type":"if","locations":[{"start":{"line":33,"column":2},"end":{"line":37,"column":null}},{"start":{},"end":{}}],"line":33},"2":{"loc":{"start":{"line":41,"column":31},"end":{"line":43,"column":32}},"type":"cond-expr","locations":[{"start":{"line":42,"column":6},"end":{"line":42,"column":32}},{"start":{"line":43,"column":6},"end":{"line":43,"column":32}}],"line":41},"3":{"loc":{"start":{"line":54,"column":2},"end":{"line":58,"column":null}},"type":"if","locations":[{"start":{"line":54,"column":2},"end":{"line":58,"column":null}},{"start":{},"end":{}}],"line":54},"4":{"loc":{"start":{"line":62,"column":31},"end":{"line":64,"column":32}},"type":"cond-expr","locations":[{"start":{"line":63,"column":6},"end":{"line":63,"column":32}},{"start":{"line":64,"column":6},"end":{"line":64,"column":32}}],"line":62},"5":{"loc":{"start":{"line":75,"column":53},"end":{"line":75,"column":null}},"type":"default-arg","locations":[{"start":{"line":75,"column":66},"end":{"line":75,"column":null}}],"line":75},"6":{"loc":{"start":{"line":77,"column":30},"end":{"line":77,"column":null}},"type":"cond-expr","locations":[{"start":{"line":77,"column":39},"end":{"line":77,"column":45}},{"start":{"line":77,"column":45},"end":{"line":77,"column":null}}],"line":77},"7":{"loc":{"start":{"line":79,"column":17},"end":{"line":79,"column":null}},"type":"cond-expr","locations":[{"start":{"line":79,"column":35},"end":{"line":79,"column":81}},{"start":{"line":79,"column":81},"end":{"line":79,"column":null}}],"line":79},"8":{"loc":{"start":{"line":81,"column":2},"end":{"line":85,"column":null}},"type":"if","locations":[{"start":{"line":81,"column":2},"end":{"line":85,"column":null}},{"start":{},"end":{}}],"line":81},"9":{"loc":{"start":{"line":90,"column":2},"end":{"line":94,"column":null}},"type":"if","locations":[{"start":{"line":90,"column":2},"end":{"line":94,"column":null}},{"start":{},"end":{}}],"line":90},"10":{"loc":{"start":{"line":118,"column":45},"end":{"line":118,"column":68}},"type":"binary-expr","locations":[{"start":{"line":118,"column":45},"end":{"line":118,"column":62}},{"start":{"line":118,"column":66},"end":{"line":118,"column":68}}],"line":118},"11":{"loc":{"start":{"line":129,"column":26},"end":{"line":129,"column":null}},"type":"if","locations":[{"start":{"line":129,"column":26},"end":{"line":129,"column":null}},{"start":{},"end":{}}],"line":129},"12":{"loc":{"start":{"line":142,"column":2},"end":{"line":142,"column":null}},"type":"default-arg","locations":[{"start":{"line":142,"column":22},"end":{"line":142,"column":null}}],"line":142},"13":{"loc":{"start":{"line":143,"column":2},"end":{"line":143,"column":null}},"type":"default-arg","locations":[{"start":{"line":143,"column":16},"end":{"line":143,"column":null}}],"line":143},"14":{"loc":{"start":{"line":144,"column":2},"end":{"line":144,"column":null}},"type":"default-arg","locations":[{"start":{"line":144,"column":23},"end":{"line":144,"column":null}}],"line":144},"15":{"loc":{"start":{"line":156,"column":6},"end":{"line":156,"column":54}},"type":"cond-expr","locations":[{"start":{"line":156,"column":22},"end":{"line":156,"column":38}},{"start":{"line":156,"column":41},"end":{"line":156,"column":54}}],"line":156},"16":{"loc":{"start":{"line":168,"column":11},"end":{"line":173,"column":null}},"type":"binary-expr","locations":[{"start":{"line":168,"column":11},"end":{"line":168,"column":null}},{"start":{"line":169,"column":12},"end":{"line":173,"column":null}}],"line":168},"17":{"loc":{"start":{"line":170,"column":15},"end":{"line":170,"column":null}},"type":"cond-expr","locations":[{"start":{"line":170,"column":29},"end":{"line":170,"column":63}},{"start":{"line":170,"column":63},"end":{"line":170,"column":null}}],"line":170},"18":{"loc":{"start":{"line":197,"column":7},"end":{"line":371,"column":null}},"type":"cond-expr","locations":[{"start":{"line":198,"column":8},"end":{"line":202,"column":9}},{"start":{"line":202,"column":8},"end":{"line":371,"column":null}}],"line":197},"19":{"loc":{"start":{"line":197,"column":7},"end":{"line":197,"column":null}},"type":"binary-expr","locations":[{"start":{"line":197,"column":7},"end":{"line":197,"column":23}},{"start":{"line":197,"column":23},"end":{"line":197,"column":null}}],"line":197},"20":{"loc":{"start":{"line":229,"column":25},"end":{"line":231,"column":null}},"type":"cond-expr","locations":[{"start":{"line":230,"column":28},"end":{"line":231,"column":29}},{"start":{"line":231,"column":28},"end":{"line":231,"column":null}}],"line":229},"21":{"loc":{"start":{"line":240,"column":25},"end":{"line":241,"column":null}},"type":"binary-expr","locations":[{"start":{"line":240,"column":25},"end":{"line":240,"column":null}},{"start":{"line":241,"column":26},"end":{"line":241,"column":null}}],"line":240},"22":{"loc":{"start":{"line":246,"column":23},"end":{"line":248,"column":null}},"type":"cond-expr","locations":[{"start":{"line":247,"column":26},"end":{"line":248,"column":27}},{"start":{"line":248,"column":26},"end":{"line":248,"column":null}}],"line":246},"23":{"loc":{"start":{"line":263,"column":25},"end":{"line":273,"column":null}},"type":"binary-expr","locations":[{"start":{"line":263,"column":25},"end":{"line":263,"column":null}},{"start":{"line":264,"column":26},"end":{"line":273,"column":null}}],"line":263},"24":{"loc":{"start":{"line":266,"column":30},"end":{"line":270,"column":null}},"type":"cond-expr","locations":[{"start":{"line":267,"column":34},"end":{"line":267,"column":null}},{"start":{"line":268,"column":34},"end":{"line":270,"column":null}}],"line":266},"25":{"loc":{"start":{"line":268,"column":34},"end":{"line":270,"column":null}},"type":"cond-expr","locations":[{"start":{"line":269,"column":34},"end":{"line":269,"column":null}},{"start":{"line":270,"column":34},"end":{"line":270,"column":null}}],"line":268},"26":{"loc":{"start":{"line":273,"column":30},"end":{"line":273,"column":56}},"type":"cond-expr","locations":[{"start":{"line":273,"column":46},"end":{"line":273,"column":52}},{"start":{"line":273,"column":52},"end":{"line":273,"column":56}}],"line":273},"27":{"loc":{"start":{"line":280,"column":23},"end":{"line":282,"column":null}},"type":"cond-expr","locations":[{"start":{"line":281,"column":26},"end":{"line":282,"column":27}},{"start":{"line":282,"column":26},"end":{"line":282,"column":null}}],"line":280},"28":{"loc":{"start":{"line":286,"column":23},"end":{"line":295,"column":null}},"type":"cond-expr","locations":[{"start":{"line":287,"column":26},"end":{"line":295,"column":27}},{"start":{"line":295,"column":26},"end":{"line":295,"column":null}}],"line":286},"29":{"loc":{"start":{"line":286,"column":23},"end":{"line":286,"column":null}},"type":"binary-expr","locations":[{"start":{"line":286,"column":23},"end":{"line":286,"column":59}},{"start":{"line":286,"column":59},"end":{"line":286,"column":null}}],"line":286},"30":{"loc":{"start":{"line":290,"column":37},"end":{"line":290,"column":null}},"type":"cond-expr","locations":[{"start":{"line":290,"column":61},"end":{"line":290,"column":118}},{"start":{"line":290,"column":118},"end":{"line":290,"column":null}}],"line":290},"31":{"loc":{"start":{"line":301,"column":19},"end":{"line":364,"column":null}},"type":"binary-expr","locations":[{"start":{"line":301,"column":19},"end":{"line":301,"column":35}},{"start":{"line":301,"column":35},"end":{"line":364,"column":null}}],"line":301},"32":{"loc":{"start":{"line":313,"column":27},"end":{"line":316,"column":null}},"type":"binary-expr","locations":[{"start":{"line":313,"column":27},"end":{"line":313,"column":35}},{"start":{"line":313,"column":35},"end":{"line":313,"column":null}},{"start":{"line":314,"column":28},"end":{"line":316,"column":null}}],"line":313},"33":{"loc":{"start":{"line":321,"column":25},"end":{"line":323,"column":null}},"type":"cond-expr","locations":[{"start":{"line":322,"column":28},"end":{"line":323,"column":37}},{"start":{"line":323,"column":28},"end":{"line":323,"column":null}}],"line":321},"34":{"loc":{"start":{"line":326,"column":25},"end":{"line":328,"column":null}},"type":"cond-expr","locations":[{"start":{"line":327,"column":28},"end":{"line":328,"column":40}},{"start":{"line":328,"column":28},"end":{"line":328,"column":null}}],"line":326},"35":{"loc":{"start":{"line":337,"column":25},"end":{"line":339,"column":null}},"type":"cond-expr","locations":[{"start":{"line":338,"column":28},"end":{"line":339,"column":29}},{"start":{"line":339,"column":28},"end":{"line":339,"column":null}}],"line":337},"36":{"loc":{"start":{"line":342,"column":25},"end":{"line":344,"column":null}},"type":"cond-expr","locations":[{"start":{"line":343,"column":28},"end":{"line":344,"column":29}},{"start":{"line":344,"column":28},"end":{"line":344,"column":null}}],"line":342},"37":{"loc":{"start":{"line":342,"column":25},"end":{"line":342,"column":null}},"type":"binary-expr","locations":[{"start":{"line":342,"column":25},"end":{"line":342,"column":49}},{"start":{"line":342,"column":49},"end":{"line":342,"column":80}},{"start":{"line":342,"column":80},"end":{"line":342,"column":null}}],"line":342}},"s":{"0":1,"1":26,"2":26,"3":22,"4":22,"5":0,"6":22,"7":22,"8":2,"9":0,"10":2,"11":2,"12":2,"13":6,"14":2,"15":2,"16":2,"17":0,"18":2,"19":0,"20":2,"21":13,"22":13,"23":0,"24":0,"25":0,"26":13,"27":0,"28":0,"29":0,"30":17,"31":14,"32":17,"33":2,"34":2,"35":2,"36":2,"37":17,"38":2,"39":2,"40":1,"41":13,"42":13,"43":2,"44":0,"45":10,"46":1,"47":1},"f":{"0":26,"1":26,"2":22,"3":2,"4":2,"5":6,"6":13,"7":0,"8":0,"9":0,"10":17,"11":14,"12":2,"13":2,"14":2,"15":2,"16":1,"17":13,"18":2,"19":0,"20":10,"21":1,"22":1},"b":{"0":[22,0],"1":[0,22],"2":[0,22],"3":[0,2],"4":[0,2],"5":[2],"6":[6,0],"7":[2,0],"8":[0,2],"9":[0,2],"10":[0,0],"11":[0,0],"12":[17],"13":[17],"14":[17],"15":[1,1],"16":[17,17],"17":[0,17],"18":[4,13],"19":[17,4],"20":[3,10],"21":[13,0],"22":[12,1],"23":[13,0],"24":[0,0],"25":[0,0],"26":[0,0],"27":[1,12],"28":[1,12],"29":[13,1],"30":[1,0],"31":[13,10],"32":[10,10,3],"33":[0,10],"34":[0,10],"35":[1,9],"36":[1,9],"37":[10,1,1]},"meta":{"lastBranch":38,"lastFunction":23,"lastStatement":48,"seen":{"s:1:0:1:Infinity":0,"f:23:9:23:16":0,"s:24:2:24:Infinity":1,"f:26:9:26:16":1,"s:27:2:27:Infinity":2,"f:31:9:31:23":2,"s:32:21:32:Infinity":3,"b:32:28:32:77:32:77:32:Infinity":0,"b:33:2:37:Infinity:undefined:undefined:undefined:undefined":1,"s:33:2:37:Infinity":4,"s:34:4:37:Infinity":5,"s:41:31:43:32":6,"b:42:6:42:32:43:6:43:32":2,"s:44:2:47:Infinity":7,"f:53:9:53:18":3,"b:54:2:58:Infinity:undefined:undefined:undefined:undefined":3,"s:54:2:58:Infinity":8,"s:55:4:58:Infinity":9,"s:62:31:64:32":10,"b:63:6:63:32:64:6:64:32":4,"s:65:2:68:Infinity":11,"f:74:9:74:16":4,"b:75:66:75:Infinity":5,"s:77:8:77:Infinity":12,"f:77:8:77:16":5,"s:77:30:77:Infinity":13,"b:77:39:77:45:77:45:77:Infinity":6,"s:78:8:78:52":14,"s:79:17:79:Infinity":15,"b:79:35:79:81:79:81:79:Infinity":7,"b:81:2:85:Infinity:undefined:undefined:undefined:undefined":8,"s:81:2:85:Infinity":16,"s:82:4:85:Infinity":17,"b:90:2:94:Infinity:undefined:undefined:undefined:undefined":9,"s:90:2:94:Infinity":18,"s:91:4:94:Infinity":19,"s:98:2:101:Infinity":20,"f:106:9:106:29":6,"s:115:16:115:62":21,"s:117:8:120:Infinity":22,"f:117:8:117:23":7,"s:118:19:118:69":23,"b:118:45:118:62:118:66:118:68":10,"s:119:4:119:Infinity":24,"s:120:4:120:Infinity":25,"s:123:2:134:Infinity":26,"f:127:6:127:17":8,"s:127:23:127:47":27,"f:129:6:129:18":9,"b:129:26:129:Infinity:undefined:undefined:undefined:undefined":11,"s:129:26:129:Infinity":28,"s:129:50:129:Infinity":29,"f:138:16:138:30":10,"b:142:22:142:Infinity":12,"b:143:16:143:Infinity":13,"b:144:23:144:Infinity":14,"s:150:22:150:71":30,"f:150:40:150:46":11,"s:150:52:150:71":31,"s:152:30:152:88":32,"f:153:11:153:26":12,"s:154:4:158:Infinity":33,"f:154:4:154:28":13,"s:155:19:155:32":34,"s:156:6:156:Infinity":35,"b:156:22:156:38:156:41:156:54":15,"s:157:6:157:Infinity":36,"s:161:2:371:Infinity":37,"b:168:11:168:Infinity:169:12:173:Infinity":16,"b:170:29:170:63:170:63:170:Infinity":17,"f:176:12:176:27":14,"s:176:27:176:98":38,"f:176:76:176:81":15,"s:176:87:176:96":39,"f:182:12:182:27":16,"s:182:27:182:60":40,"b:198:8:202:9:202:8:371:Infinity":18,"b:197:7:197:23:197:23:197:Infinity":19,"f:217:33:217:38":17,"s:218:36:218:71":41,"s:219:16:366:Infinity":42,"f:225:20:225:35":18,"s:225:35:225:61":43,"b:230:28:231:29:231:28:231:Infinity":20,"b:240:25:240:Infinity:241:26:241:Infinity":21,"b:247:26:248:27:248:26:248:Infinity":22,"f:250:59:250:69":19,"s:250:75:250:94":44,"b:263:25:263:Infinity:264:26:273:Infinity":23,"b:267:34:267:Infinity:268:34:270:Infinity":24,"b:269:34:269:Infinity:270:34:270:Infinity":25,"b:273:46:273:52:273:52:273:56":26,"b:281:26:282:27:282:26:282:Infinity":27,"b:287:26:295:27:295:26:295:Infinity":28,"b:286:23:286:59:286:59:286:Infinity":29,"b:290:61:290:118:290:118:290:Infinity":30,"b:301:19:301:35:301:35:364:Infinity":31,"f:301:45:301:50":20,"s:302:20:364:Infinity":45,"b:313:27:313:35:313:35:313:Infinity:314:28:316:Infinity":32,"b:322:28:323:37:323:28:323:Infinity":33,"b:327:28:328:40:328:28:328:Infinity":34,"b:338:28:339:29:339:28:339:Infinity":35,"b:343:28:344:29:344:28:344:Infinity":36,"b:342:25:342:49:342:49:342:80:342:80:342:Infinity":37,"f:349:28:349:43":21,"s:349:43:349:62":46,"f:356:28:356:43":22,"s:356:43:356:64":47}}}
,"/Users/cynthiachuang/Justin_Dev/Finance_Dashboard/hooks/useCryptoPrices.ts": {"path":"/Users/cynthiachuang/Justin_Dev/Finance_Dashboard/hooks/useCryptoPrices.ts","statementMap":{"0":{"start":{"line":1,"column":0},"end":{"line":1,"column":null}},"1":{"start":{"line":11,"column":6},"end":{"line":15,"column":null}},"2":{"start":{"line":12,"column":2},"end":{"line":15,"column":null}},"3":{"start":{"line":13,"column":4},"end":{"line":13,"column":null}},"4":{"start":{"line":13,"column":17},"end":{"line":13,"column":null}},"5":{"start":{"line":14,"column":4},"end":{"line":14,"column":null}},"6":{"start":{"line":18,"column":17},"end":{"line":22,"column":4}},"7":{"start":{"line":23,"column":14},"end":{"line":23,"column":null}},"8":{"start":{"line":26,"column":21},"end":{"line":26,"column":73}},"9":{"start":{"line":27,"column":2},"end":{"line":29,"column":null}},"10":{"start":{"line":28,"column":4},"end":{"line":28,"column":null}},"11":{"start":{"line":31,"column":23},"end":{"line":42,"column":null}},"12":{"start":{"line":39,"column":14},"end":{"line":39,"column":79}},"13":{"start":{"line":40,"column":8},"end":{"line":40,"column":null}},"14":{"start":{"line":46,"column":24},"end":{"line":46,"column":null}},"15":{"start":{"line":48,"column":32},"end":{"line":58,"column":null}},"16":{"start":{"line":49,"column":18},"end":{"line":49,"column":43}},"17":{"start":{"line":50,"column":17},"end":{"line":50,"column":null}},"18":{"start":{"line":51,"column":4},"end":{"line":57,"column":null}},"19":{"start":{"line":60,"column":2},"end":{"line":65,"column":null}}},"fnMap":{"0":{"name":"(anonymous_0)","decl":{"start":{"line":11,"column":6},"end":{"line":11,"column":17}},"loc":{"start":{"line":12,"column":2},"end":{"line":15,"column":null}},"line":12},"1":{"name":"(anonymous_1)","decl":{"start":{"line":12,"column":13},"end":{"line":12,"column":19}},"loc":{"start":{"line":12,"column":27},"end":{"line":15,"column":null}},"line":12},"2":{"name":"useCryptoPrices","decl":{"start":{"line":17,"column":16},"end":{"line":17,"column":32}},"loc":{"start":{"line":17,"column":47},"end":{"line":65,"column":null}},"line":17},"3":{"name":"(anonymous_3)","decl":{"start":{"line":27,"column":2},"end":{"line":27,"column":18}},"loc":{"start":{"line":27,"column":18},"end":{"line":29,"column":7}},"line":27},"4":{"name":"(anonymous_4)","decl":{"start":{"line":38,"column":6},"end":{"line":38,"column":18}},"loc":{"start":{"line":38,"column":30},"end":{"line":40,"column":null}},"line":38},"5":{"name":"(anonymous_5)","decl":{"start":{"line":48,"column":36},"end":{"line":48,"column":41}},"loc":{"start":{"line":48,"column":48},"end":{"line":58,"column":null}},"line":48}},"branchMap":{"0":{"loc":{"start":{"line":13,"column":4},"end":{"line":13,"column":null}},"type":"if","locations":[{"start":{"line":13,"column":4},"end":{"line":13,"column":null}},{"start":{},"end":{}}],"line":13},"1":{"loc":{"start":{"line":32,"column":4},"end":{"line":32,"column":null}},"type":"cond-expr","locations":[{"start":{"line":32,"column":17},"end":{"line":32,"column":23}},{"start":{"line":32,"column":23},"end":{"line":32,"column":null}}],"line":32},"2":{"loc":{"start":{"line":39,"column":14},"end":{"line":39,"column":79}},"type":"binary-expr","locations":[{"start":{"line":39,"column":14},"end":{"line":39,"column":73}},{"start":{"line":39,"column":77},"end":{"line":39,"column":79}}],"line":39},"3":{"loc":{"start":{"line":46,"column":24},"end":{"line":46,"column":null}},"type":"binary-expr","locations":[{"start":{"line":46,"column":24},"end":{"line":46,"column":32}},{"start":{"line":46,"column":32},"end":{"line":46,"column":null}}],"line":46},"4":{"loc":{"start":{"line":49,"column":18},"end":{"line":49,"column":43}},"type":"binary-expr","locations":[{"start":{"line":49,"column":18},"end":{"line":49,"column":41}},{"start":{"line":49,"column":41},"end":{"line":49,"column":43}}],"line":49},"5":{"loc":{"start":{"line":50,"column":17},"end":{"line":50,"column":null}},"type":"binary-expr","locations":[{"start":{"line":50,"column":17},"end":{"line":50,"column":36}},{"start":{"line":50,"column":36},"end":{"line":50,"column":null}}],"line":50},"6":{"loc":{"start":{"line":55,"column":11},"end":{"line":55,"column":null}},"type":"binary-expr","locations":[{"start":{"line":55,"column":11},"end":{"line":55,"column":27}},{"start":{"line":55,"column":27},"end":{"line":55,"column":null}}],"line":55},"7":{"loc":{"start":{"line":56,"column":22},"end":{"line":56,"column":null}},"type":"binary-expr","locations":[{"start":{"line":56,"column":22},"end":{"line":56,"column":49}},{"start":{"line":56,"column":49},"end":{"line":56,"column":null}}],"line":56},"8":{"loc":{"start":{"line":61,"column":12},"end":{"line":61,"column":39}},"type":"cond-expr","locations":[{"start":{"line":61,"column":28},"end":{"line":61,"column":37}},{"start":{"line":61,"column":37},"end":{"line":61,"column":39}}],"line":61},"9":{"loc":{"start":{"line":64,"column":15},"end":{"line":64,"column":null}},"type":"binary-expr","locations":[{"start":{"line":64,"column":15},"end":{"line":64,"column":28}},{"start":{"line":64,"column":28},"end":{"line":64,"column":null}}],"line":64}},"s":{"0":1,"1":1,"2":0,"3":0,"4":0,"5":0,"6":0,"7":0,"8":0,"9":0,"10":0,"11":0,"12":0,"13":0,"14":0,"15":0,"16":0,"17":0,"18":0,"19":0},"f":{"0":0,"1":0,"2":0,"3":0,"4":0,"5":0},"b":{"0":[0,0],"1":[0,0],"2":[0,0],"3":[0,0],"4":[0,0],"5":[0,0],"6":[0,0],"7":[0,0],"8":[0,0],"9":[0,0]},"meta":{"lastBranch":10,"lastFunction":6,"lastStatement":20,"seen":{"s:1:0:1:Infinity":0,"s:11:6:15:Infinity":1,"f:11:6:11:17":0,"s:12:2:15:Infinity":2,"f:12:13:12:19":1,"b:13:4:13:Infinity:undefined:undefined:undefined:undefined":0,"s:13:4:13:Infinity":3,"s:13:17:13:Infinity":4,"s:14:4:14:Infinity":5,"f:17:16:17:32":2,"s:18:17:22:4":6,"s:23:14:23:Infinity":7,"s:26:21:26:73":8,"s:27:2:29:Infinity":9,"f:27:2:27:18":3,"s:28:4:28:Infinity":10,"s:31:23:42:Infinity":11,"b:32:17:32:23:32:23:32:Infinity":1,"f:38:6:38:18":4,"s:39:14:39:79":12,"b:39:14:39:73:39:77:39:79":2,"s:40:8:40:Infinity":13,"s:46:24:46:Infinity":14,"b:46:24:46:32:46:32:46:Infinity":3,"s:48:32:58:Infinity":15,"f:48:36:48:41":5,"s:49:18:49:43":16,"b:49:18:49:41:49:41:49:43":4,"s:50:17:50:Infinity":17,"b:50:17:50:36:50:36:50:Infinity":5,"s:51:4:57:Infinity":18,"b:55:11:55:27:55:27:55:Infinity":6,"b:56:22:56:49:56:49:56:Infinity":7,"s:60:2:65:Infinity":19,"b:61:28:61:37:61:37:61:39":8,"b:64:15:64:28:64:28:64:Infinity":9}}}
,"/Users/cynthiachuang/Justin_Dev/Finance_Dashboard/hooks/useExchangeRate.ts": {"path":"/Users/cynthiachuang/Justin_Dev/Finance_Dashboard/hooks/useExchangeRate.ts","statementMap":{"0":{"start":{"line":1,"column":0},"end":{"line":1,"column":null}},"1":{"start":{"line":8,"column":6},"end":{"line":12,"column":null}},"2":{"start":{"line":9,"column":2},"end":{"line":12,"column":null}},"3":{"start":{"line":10,"column":4},"end":{"line":10,"column":null}},"4":{"start":{"line":10,"column":17},"end":{"line":10,"column":null}},"5":{"start":{"line":11,"column":4},"end":{"line":11,"column":null}},"6":{"start":{"line":14,"column":25},"end":{"line":14,"column":null}},"7":{"start":{"line":23,"column":21},"end":{"line":23,"column":67}},"8":{"start":{"line":24,"column":2},"end":{"line":26,"column":null}},"9":{"start":{"line":25,"column":4},"end":{"line":25,"column":null}},"10":{"start":{"line":28,"column":23},"end":{"line":39,"column":null}},"11":{"start":{"line":36,"column":21},"end":{"line":36,"column":null}},"12":{"start":{"line":36,"column":40},"end":{"line":36,"column":61}},"13":{"start":{"line":37,"column":8},"end":{"line":37,"column":null}},"14":{"start":{"line":37,"column":18},"end":{"line":37,"column":null}},"15":{"start":{"line":43,"column":19},"end":{"line":43,"column":null}},"16":{"start":{"line":43,"column":37},"end":{"line":43,"column":58}},"17":{"start":{"line":44,"column":15},"end":{"line":44,"column":null}},"18":{"start":{"line":46,"column":2},"end":{"line":51,"column":null}}},"fnMap":{"0":{"name":"(anonymous_0)","decl":{"start":{"line":8,"column":6},"end":{"line":8,"column":17}},"loc":{"start":{"line":9,"column":2},"end":{"line":12,"column":null}},"line":9},"1":{"name":"(anonymous_1)","decl":{"start":{"line":9,"column":13},"end":{"line":9,"column":19}},"loc":{"start":{"line":9,"column":27},"end":{"line":12,"column":null}},"line":9},"2":{"name":"useExchangeRate","decl":{"start":{"line":21,"column":16},"end":{"line":21,"column":34}},"loc":{"start":{"line":21,"column":34},"end":{"line":51,"column":null}},"line":21},"3":{"name":"(anonymous_3)","decl":{"start":{"line":24,"column":2},"end":{"line":24,"column":18}},"loc":{"start":{"line":24,"column":18},"end":{"line":26,"column":7}},"line":24},"4":{"name":"(anonymous_4)","decl":{"start":{"line":35,"column":6},"end":{"line":35,"column":18}},"loc":{"start":{"line":35,"column":29},"end":{"line":37,"column":null}},"line":35},"5":{"name":"(anonymous_5)","decl":{"start":{"line":36,"column":28},"end":{"line":36,"column":34}},"loc":{"start":{"line":36,"column":40},"end":{"line":36,"column":61}},"line":36},"6":{"name":"(anonymous_6)","decl":{"start":{"line":43,"column":25},"end":{"line":43,"column":31}},"loc":{"start":{"line":43,"column":37},"end":{"line":43,"column":58}},"line":43}},"branchMap":{"0":{"loc":{"start":{"line":10,"column":4},"end":{"line":10,"column":null}},"type":"if","locations":[{"start":{"line":10,"column":4},"end":{"line":10,"column":null}},{"start":{},"end":{}}],"line":10},"1":{"loc":{"start":{"line":37,"column":8},"end":{"line":37,"column":null}},"type":"if","locations":[{"start":{"line":37,"column":8},"end":{"line":37,"column":null}},{"start":{},"end":{}}],"line":37},"2":{"loc":{"start":{"line":44,"column":15},"end":{"line":44,"column":null}},"type":"binary-expr","locations":[{"start":{"line":44,"column":15},"end":{"line":44,"column":27}},{"start":{"line":44,"column":27},"end":{"line":44,"column":41}},{"start":{"line":44,"column":41},"end":{"line":44,"column":null}}],"line":44},"3":{"loc":{"start":{"line":49,"column":15},"end":{"line":49,"column":null}},"type":"binary-expr","locations":[{"start":{"line":49,"column":15},"end":{"line":49,"column":28}},{"start":{"line":49,"column":28},"end":{"line":49,"column":41}},{"start":{"line":49,"column":41},"end":{"line":49,"column":null}}],"line":49}},"s":{"0":2,"1":2,"2":0,"3":0,"4":0,"5":0,"6":2,"7":6,"8":6,"9":5,"10":6,"11":0,"12":0,"13":0,"14":0,"15":6,"16":1,"17":6,"18":6},"f":{"0":0,"1":0,"2":6,"3":5,"4":0,"5":0,"6":1},"b":{"0":[0,0],"1":[0,0],"2":[6,5,4],"3":[6,3,3]},"meta":{"lastBranch":4,"lastFunction":7,"lastStatement":19,"seen":{"s:1:0:1:Infinity":0,"s:8:6:12:Infinity":1,"f:8:6:8:17":0,"s:9:2:12:Infinity":2,"f:9:13:9:19":1,"b:10:4:10:Infinity:undefined:undefined:undefined:undefined":0,"s:10:4:10:Infinity":3,"s:10:17:10:Infinity":4,"s:11:4:11:Infinity":5,"s:14:25:14:Infinity":6,"f:21:16:21:34":2,"s:23:21:23:67":7,"s:24:2:26:Infinity":8,"f:24:2:24:18":3,"s:25:4:25:Infinity":9,"s:28:23:39:Infinity":10,"f:35:6:35:18":4,"s:36:21:36:Infinity":11,"f:36:28:36:34":5,"s:36:40:36:61":12,"b:37:8:37:Infinity:undefined:undefined:undefined:undefined":1,"s:37:8:37:Infinity":13,"s:37:18:37:Infinity":14,"s:43:19:43:Infinity":15,"f:43:25:43:31":6,"s:43:37:43:58":16,"s:44:15:44:Infinity":17,"b:44:15:44:27:44:27:44:41:44:41:44:Infinity":2,"s:46:2:51:Infinity":18,"b:49:15:49:28:49:28:49:41:49:41:49:Infinity":3}}}
,"/Users/cynthiachuang/Justin_Dev/Finance_Dashboard/hooks/usePortfolioValuation.ts": {"path":"/Users/cynthiachuang/Justin_Dev/Finance_Dashboard/hooks/usePortfolioValuation.ts","statementMap":{"0":{"start":{"line":1,"column":0},"end":{"line":1,"column":null}},"1":{"start":{"line":12,"column":2},"end":{"line":12,"column":null}},"2":{"start":{"line":16,"column":2},"end":{"line":16,"column":null}},"3":{"start":{"line":16,"column":50},"end":{"line":16,"column":null}},"4":{"start":{"line":18,"column":15},"end":{"line":18,"column":55}},"5":{"start":{"line":18,"column":38},"end":{"line":18,"column":55}},"6":{"start":{"line":19,"column":16},"end":{"line":19,"column":57}},"7":{"start":{"line":19,"column":39},"end":{"line":19,"column":57}},"8":{"start":{"line":21,"column":27},"end":{"line":21,"column":106}},"9":{"start":{"line":21,"column":49},"end":{"line":21,"column":102}},"10":{"start":{"line":22,"column":28},"end":{"line":22,"column":108}},"11":{"start":{"line":22,"column":51},"end":{"line":22,"column":104}},"12":{"start":{"line":24,"column":2},"end":{"line":24,"column":null}},"13":{"start":{"line":24,"column":25},"end":{"line":24,"column":null}},"14":{"start":{"line":27,"column":23},"end":{"line":27,"column":null}},"15":{"start":{"line":28,"column":23},"end":{"line":28,"column":null}},"16":{"start":{"line":30,"column":2},"end":{"line":35,"column":null}},"17":{"start":{"line":40,"column":8},"end":{"line":46,"column":null}},"18":{"start":{"line":42,"column":6},"end":{"line":45,"column":48}},"19":{"start":{"line":43,"column":23},"end":{"line":43,"column":45}},"20":{"start":{"line":44,"column":20},"end":{"line":44,"column":75}},"21":{"start":{"line":45,"column":29},"end":{"line":45,"column":48}},"22":{"start":{"line":49,"column":8},"end":{"line":55,"column":null}},"23":{"start":{"line":51,"column":6},"end":{"line":54,"column":48}},"24":{"start":{"line":52,"column":23},"end":{"line":52,"column":41}},"25":{"start":{"line":53,"column":20},"end":{"line":53,"column":29}},"26":{"start":{"line":54,"column":29},"end":{"line":54,"column":48}},"27":{"start":{"line":58,"column":8},"end":{"line":64,"column":null}},"28":{"start":{"line":60,"column":6},"end":{"line":63,"column":48}},"29":{"start":{"line":61,"column":23},"end":{"line":61,"column":45}},"30":{"start":{"line":62,"column":20},"end":{"line":62,"column":62}},"31":{"start":{"line":63,"column":29},"end":{"line":63,"column":48}},"32":{"start":{"line":68,"column":43},"end":{"line":68,"column":87}},"33":{"start":{"line":69,"column":39},"end":{"line":69,"column":75}},"34":{"start":{"line":70,"column":39},"end":{"line":70,"column":78}},"35":{"start":{"line":71,"column":31},"end":{"line":71,"column":62}},"36":{"start":{"line":73,"column":20},"end":{"line":73,"column":null}},"37":{"start":{"line":76,"column":8},"end":{"line":82,"column":40}},"38":{"start":{"line":77,"column":83},"end":{"line":77,"column":85}},"39":{"start":{"line":78,"column":4},"end":{"line":78,"column":null}},"40":{"start":{"line":78,"column":34},"end":{"line":78,"column":null}},"41":{"start":{"line":79,"column":4},"end":{"line":79,"column":null}},"42":{"start":{"line":79,"column":30},"end":{"line":79,"column":null}},"43":{"start":{"line":80,"column":4},"end":{"line":80,"column":null}},"44":{"start":{"line":80,"column":30},"end":{"line":80,"column":null}},"45":{"start":{"line":81,"column":4},"end":{"line":81,"column":null}},"46":{"start":{"line":85,"column":33},"end":{"line":121,"column":37}},"47":{"start":{"line":86,"column":38},"end":{"line":111,"column":null}},"48":{"start":{"line":88,"column":6},"end":{"line":95,"column":null}},"49":{"start":{"line":89,"column":19},"end":{"line":89,"column":null}},"50":{"start":{"line":90,"column":19},"end":{"line":90,"column":null}},"51":{"start":{"line":91,"column":29},"end":{"line":91,"column":null}},"52":{"start":{"line":92,"column":29},"end":{"line":92,"column":null}},"53":{"start":{"line":93,"column":25},"end":{"line":93,"column":57}},"54":{"start":{"line":94,"column":8},"end":{"line":95,"column":null}},"55":{"start":{"line":98,"column":20},"end":{"line":98,"column":null}},"56":{"start":{"line":99,"column":20},"end":{"line":99,"column":null}},"57":{"start":{"line":100,"column":23},"end":{"line":100,"column":null}},"58":{"start":{"line":101,"column":19},"end":{"line":101,"column":null}},"59":{"start":{"line":102,"column":23},"end":{"line":102,"column":null}},"60":{"start":{"line":105,"column":24},"end":{"line":105,"column":null}},"61":{"start":{"line":107,"column":27},"end":{"line":107,"column":null}},"62":{"start":{"line":108,"column":23},"end":{"line":108,"column":55}},"63":{"start":{"line":110,"column":6},"end":{"line":110,"column":null}},"64":{"start":{"line":113,"column":18},"end":{"line":113,"column":64}},"65":{"start":{"line":113,"column":43},"end":{"line":113,"column":62}},"66":{"start":{"line":114,"column":21},"end":{"line":114,"column":70}},"67":{"start":{"line":114,"column":46},"end":{"line":114,"column":68}},"68":{"start":{"line":116,"column":4},"end":{"line":117,"column":null}},"69":{"start":{"line":117,"column":6},"end":{"line":117,"column":null}},"70":{"start":{"line":120,"column":4},"end":{"line":120,"column":null}},"71":{"start":{"line":123,"column":8},"end":{"line":149,"column":38}},"72":{"start":{"line":124,"column":4},"end":{"line":148,"column":null}},"73":{"start":{"line":125,"column":23},"end":{"line":125,"column":101}},"74":{"start":{"line":125,"column":37},"end":{"line":125,"column":101}},"75":{"start":{"line":126,"column":21},"end":{"line":126,"column":66}},"76":{"start":{"line":126,"column":47},"end":{"line":126,"column":64}},"77":{"start":{"line":127,"column":24},"end":{"line":127,"column":72}},"78":{"start":{"line":127,"column":50},"end":{"line":127,"column":70}},"79":{"start":{"line":128,"column":21},"end":{"line":128,"column":null}},"80":{"start":{"line":130,"column":23},"end":{"line":130,"column":64}},"81":{"start":{"line":130,"column":44},"end":{"line":130,"column":64}},"82":{"start":{"line":131,"column":35},"end":{"line":131,"column":null}},"83":{"start":{"line":131,"column":72},"end":{"line":131,"column":99}},"84":{"start":{"line":132,"column":38},"end":{"line":132,"column":null}},"85":{"start":{"line":132,"column":75},"end":{"line":132,"column":105}},"86":{"start":{"line":133,"column":38},"end":{"line":133,"column":null}},"87":{"start":{"line":133,"column":75},"end":{"line":133,"column":105}},"88":{"start":{"line":135,"column":6},"end":{"line":147,"column":null}},"89":{"start":{"line":151,"column":2},"end":{"line":151,"column":null}}},"fnMap":{"0":{"name":"toUSD","decl":{"start":{"line":11,"column":9},"end":{"line":11,"column":15}},"loc":{"start":{"line":11,"column":82},"end":{"line":12,"column":null}},"line":11},"1":{"name":"calcPL","decl":{"start":{"line":15,"column":9},"end":{"line":15,"column":16}},"loc":{"start":{"line":15,"column":68},"end":{"line":35,"column":null}},"line":15},"2":{"name":"(anonymous_2)","decl":{"start":{"line":18,"column":24},"end":{"line":18,"column":32}},"loc":{"start":{"line":18,"column":38},"end":{"line":18,"column":55}},"line":18},"3":{"name":"(anonymous_3)","decl":{"start":{"line":19,"column":25},"end":{"line":19,"column":33}},"loc":{"start":{"line":19,"column":39},"end":{"line":19,"column":57}},"line":19},"4":{"name":"(anonymous_4)","decl":{"start":{"line":21,"column":32},"end":{"line":21,"column":40}},"loc":{"start":{"line":21,"column":49},"end":{"line":21,"column":102}},"line":21},"5":{"name":"(anonymous_5)","decl":{"start":{"line":22,"column":34},"end":{"line":22,"column":42}},"loc":{"start":{"line":22,"column":51},"end":{"line":22,"column":104}},"line":22},"6":{"name":"usePortfolioValuation","decl":{"start":{"line":38,"column":16},"end":{"line":38,"column":38}},"loc":{"start":{"line":38,"column":91},"end":{"line":151,"column":null}},"line":38},"7":{"name":"(anonymous_7)","decl":{"start":{"line":40,"column":20},"end":{"line":40,"column":null}},"loc":{"start":{"line":42,"column":6},"end":{"line":45,"column":48}},"line":42},"8":{"name":"(anonymous_8)","decl":{"start":{"line":43,"column":9},"end":{"line":43,"column":17}},"loc":{"start":{"line":43,"column":23},"end":{"line":43,"column":45}},"line":43},"9":{"name":"(anonymous_9)","decl":{"start":{"line":44,"column":9},"end":{"line":44,"column":14}},"loc":{"start":{"line":44,"column":20},"end":{"line":44,"column":75}},"line":44},"10":{"name":"(anonymous_10)","decl":{"start":{"line":45,"column":9},"end":{"line":45,"column":17}},"loc":{"start":{"line":45,"column":29},"end":{"line":45,"column":48}},"line":45},"11":{"name":"(anonymous_11)","decl":{"start":{"line":49,"column":20},"end":{"line":49,"column":null}},"loc":{"start":{"line":51,"column":6},"end":{"line":54,"column":48}},"line":51},"12":{"name":"(anonymous_12)","decl":{"start":{"line":52,"column":9},"end":{"line":52,"column":17}},"loc":{"start":{"line":52,"column":23},"end":{"line":52,"column":41}},"line":52},"13":{"name":"(anonymous_13)","decl":{"start":{"line":53,"column":9},"end":{"line":53,"column":14}},"loc":{"start":{"line":53,"column":20},"end":{"line":53,"column":29}},"line":53},"14":{"name":"(anonymous_14)","decl":{"start":{"line":54,"column":9},"end":{"line":54,"column":17}},"loc":{"start":{"line":54,"column":29},"end":{"line":54,"column":48}},"line":54},"15":{"name":"(anonymous_15)","decl":{"start":{"line":58,"column":19},"end":{"line":58,"column":null}},"loc":{"start":{"line":60,"column":6},"end":{"line":63,"column":48}},"line":60},"16":{"name":"(anonymous_16)","decl":{"start":{"line":61,"column":9},"end":{"line":61,"column":17}},"loc":{"start":{"line":61,"column":23},"end":{"line":61,"column":45}},"line":61},"17":{"name":"(anonymous_17)","decl":{"start":{"line":62,"column":9},"end":{"line":62,"column":14}},"loc":{"start":{"line":62,"column":20},"end":{"line":62,"column":62}},"line":62},"18":{"name":"(anonymous_18)","decl":{"start":{"line":63,"column":9},"end":{"line":63,"column":17}},"loc":{"start":{"line":63,"column":29},"end":{"line":63,"column":48}},"line":63},"19":{"name":"(anonymous_19)","decl":{"start":{"line":76,"column":19},"end":{"line":76,"column":33}},"loc":{"start":{"line":76,"column":33},"end":{"line":82,"column":6}},"line":76},"20":{"name":"(anonymous_20)","decl":{"start":{"line":85,"column":55},"end":{"line":85,"column":69}},"loc":{"start":{"line":85,"column":69},"end":{"line":121,"column":6}},"line":85},"21":{"name":"(anonymous_21)","decl":{"start":{"line":86,"column":48},"end":{"line":86,"column":53}},"loc":{"start":{"line":86,"column":61},"end":{"line":111,"column":null}},"line":86},"22":{"name":"(anonymous_22)","decl":{"start":{"line":113,"column":24},"end":{"line":113,"column":32}},"loc":{"start":{"line":113,"column":43},"end":{"line":113,"column":62}},"line":113},"23":{"name":"(anonymous_23)","decl":{"start":{"line":114,"column":27},"end":{"line":114,"column":35}},"loc":{"start":{"line":114,"column":46},"end":{"line":114,"column":68}},"line":114},"24":{"name":"(anonymous_24)","decl":{"start":{"line":123,"column":47},"end":{"line":123,"column":null}},"loc":{"start":{"line":124,"column":4},"end":{"line":148,"column":null}},"line":124},"25":{"name":"(anonymous_25)","decl":{"start":{"line":124,"column":15},"end":{"line":124,"column":20}},"loc":{"start":{"line":124,"column":28},"end":{"line":148,"column":null}},"line":124},"26":{"name":"(anonymous_26)","decl":{"start":{"line":125,"column":29},"end":{"line":125,"column":37}},"loc":{"start":{"line":125,"column":37},"end":{"line":125,"column":101}},"line":125},"27":{"name":"(anonymous_27)","decl":{"start":{"line":126,"column":30},"end":{"line":126,"column":38}},"loc":{"start":{"line":126,"column":47},"end":{"line":126,"column":64}},"line":126},"28":{"name":"(anonymous_28)","decl":{"start":{"line":127,"column":33},"end":{"line":127,"column":41}},"loc":{"start":{"line":127,"column":50},"end":{"line":127,"column":70}},"line":127},"29":{"name":"(anonymous_29)","decl":{"start":{"line":130,"column":32},"end":{"line":130,"column":38}},"loc":{"start":{"line":130,"column":44},"end":{"line":130,"column":64}},"line":130},"30":{"name":"(anonymous_30)","decl":{"start":{"line":131,"column":55},"end":{"line":131,"column":63}},"loc":{"start":{"line":131,"column":72},"end":{"line":131,"column":99}},"line":131},"31":{"name":"(anonymous_31)","decl":{"start":{"line":132,"column":58},"end":{"line":132,"column":66}},"loc":{"start":{"line":132,"column":75},"end":{"line":132,"column":105}},"line":132},"32":{"name":"(anonymous_32)","decl":{"start":{"line":133,"column":58},"end":{"line":133,"column":66}},"loc":{"start":{"line":133,"column":75},"end":{"line":133,"column":105}},"line":133}},"branchMap":{"0":{"loc":{"start":{"line":12,"column":9},"end":{"line":12,"column":null}},"type":"cond-expr","locations":[{"start":{"line":12,"column":30},"end":{"line":12,"column":50}},{"start":{"line":12,"column":50},"end":{"line":12,"column":null}}],"line":12},"1":{"loc":{"start":{"line":16,"column":2},"end":{"line":16,"column":null}},"type":"if","locations":[{"start":{"line":16,"column":2},"end":{"line":16,"column":null}},{"start":{},"end":{}}],"line":16},"2":{"loc":{"start":{"line":16,"column":6},"end":{"line":16,"column":50}},"type":"binary-expr","locations":[{"start":{"line":16,"column":6},"end":{"line":16,"column":27}},{"start":{"line":16,"column":27},"end":{"line":16,"column":50}}],"line":16},"3":{"loc":{"start":{"line":24,"column":2},"end":{"line":24,"column":null}},"type":"if","locations":[{"start":{"line":24,"column":2},"end":{"line":24,"column":null}},{"start":{},"end":{}}],"line":24},"4":{"loc":{"start":{"line":33,"column":25},"end":{"line":33,"column":null}},"type":"cond-expr","locations":[{"start":{"line":33,"column":45},"end":{"line":33,"column":82}},{"start":{"line":33,"column":82},"end":{"line":33,"column":null}}],"line":33},"5":{"loc":{"start":{"line":44,"column":20},"end":{"line":44,"column":75}},"type":"binary-expr","locations":[{"start":{"line":44,"column":20},"end":{"line":44,"column":53}},{"start":{"line":44,"column":53},"end":{"line":44,"column":75}}],"line":44},"6":{"loc":{"start":{"line":62,"column":23},"end":{"line":62,"column":45}},"type":"binary-expr","locations":[{"start":{"line":62,"column":23},"end":{"line":62,"column":39}},{"start":{"line":62,"column":39},"end":{"line":62,"column":45}}],"line":62},"7":{"loc":{"start":{"line":73,"column":20},"end":{"line":73,"column":null}},"type":"binary-expr","locations":[{"start":{"line":73,"column":20},"end":{"line":73,"column":37}},{"start":{"line":73,"column":37},"end":{"line":73,"column":50}},{"start":{"line":73,"column":50},"end":{"line":73,"column":63}},{"start":{"line":73,"column":63},"end":{"line":73,"column":null}}],"line":73},"8":{"loc":{"start":{"line":88,"column":6},"end":{"line":95,"column":null}},"type":"if","locations":[{"start":{"line":88,"column":6},"end":{"line":95,"column":null}},{"start":{},"end":{}}],"line":88},"9":{"loc":{"start":{"line":88,"column":10},"end":{"line":88,"column":60}},"type":"binary-expr","locations":[{"start":{"line":88,"column":10},"end":{"line":88,"column":37}},{"start":{"line":88,"column":37},"end":{"line":88,"column":60}}],"line":88},"10":{"loc":{"start":{"line":89,"column":19},"end":{"line":89,"column":null}},"type":"binary-expr","locations":[{"start":{"line":89,"column":19},"end":{"line":89,"column":38}},{"start":{"line":89,"column":38},"end":{"line":89,"column":null}}],"line":89},"11":{"loc":{"start":{"line":90,"column":19},"end":{"line":90,"column":null}},"type":"binary-expr","locations":[{"start":{"line":90,"column":19},"end":{"line":90,"column":41}},{"start":{"line":90,"column":41},"end":{"line":90,"column":null}}],"line":90},"12":{"loc
[...]
"end":{"line":16,"column":null}},"type":"if","locations":[{"start":{"line":16,"column":2},"end":{"line":16,"column":null}},{"start":{},"end":{}}],"line":16},"2":{"loc":{"start":{"line":19,"column":4},"end":{"line":19,"column":null}},"type":"if","locations":[{"start":{"line":19,"column":4},"end":{"line":19,"column":null}},{"start":{},"end":{}}],"line":19},"3":{"loc":{"start":{"line":21,"column":11},"end":{"line":21,"column":46}},"type":"cond-expr","locations":[{"start":{"line":21,"column":35},"end":{"line":21,"column":44}},{"start":{"line":21,"column":44},"end":{"line":21,"column":46}}],"line":21},"4":{"loc":{"start":{"line":28,"column":2},"end":{"line":28,"column":null}},"type":"if","locations":[{"start":{"line":28,"column":2},"end":{"line":28,"column":null}},{"start":{},"end":{}}],"line":28},"5":{"loc":{"start":{"line":52,"column":4},"end":{"line":52,"column":null}},"type":"cond-expr","locations":[{"start":{"line":52,"column":18},"end":{"line":52,"column":41}},{"start":{"line":52,"column":41},"end":{"line":52,"column":null}}],"line":52},"6":{"loc":{"start":{"line":69,"column":2},"end":{"line":69,"column":null}},"type":"if","locations":[{"start":{"line":69,"column":2},"end":{"line":69,"column":null}},{"start":{},"end":{}}],"line":69},"7":{"loc":{"start":{"line":72,"column":4},"end":{"line":72,"column":null}},"type":"if","locations":[{"start":{"line":72,"column":4},"end":{"line":72,"column":null}},{"start":{},"end":{}}],"line":72},"8":{"loc":{"start":{"line":74,"column":4},"end":{"line":74,"column":null}},"type":"if","locations":[{"start":{"line":74,"column":4},"end":{"line":74,"column":null}},{"start":{},"end":{}}],"line":74},"9":{"loc":{"start":{"line":77,"column":43},"end":{"line":77,"column":75}},"type":"binary-expr","locations":[{"start":{"line":77,"column":43},"end":{"line":77,"column":67}},{"start":{"line":77,"column":71},"end":{"line":77,"column":75}}],"line":77},"10":{"loc":{"start":{"line":84,"column":2},"end":{"line":84,"column":null}},"type":"if","locations":[{"start":{"line":84,"column":2},"end":{"line":84,"column":null}},{"start":{},"end":{}}],"line":84},"11":{"loc":{"start":{"line":94,"column":4},"end":{"line":94,"column":null}},"type":"cond-expr","locations":[{"start":{"line":94,"column":26},"end":{"line":94,"column":52}},{"start":{"line":94,"column":52},"end":{"line":94,"column":null}}],"line":94},"12":{"loc":{"start":{"line":108,"column":4},"end":{"line":110,"column":null}},"type":"cond-expr","locations":[{"start":{"line":109,"column":8},"end":{"line":109,"column":null}},{"start":{"line":110,"column":8},"end":{"line":110,"column":null}}],"line":108},"13":{"loc":{"start":{"line":109,"column":27},"end":{"line":109,"column":39}},"type":"binary-expr","locations":[{"start":{"line":109,"column":27},"end":{"line":109,"column":37}},{"start":{"line":109,"column":37},"end":{"line":109,"column":39}}],"line":109},"14":{"loc":{"start":{"line":123,"column":4},"end":{"line":130,"column":null}},"type":"cond-expr","locations":[{"start":{"line":124,"column":8},"end":{"line":129,"column":null}},{"start":{"line":130,"column":8},"end":{"line":130,"column":null}}],"line":123},"15":{"loc":{"start":{"line":126,"column":17},"end":{"line":126,"column":29}},"type":"binary-expr","locations":[{"start":{"line":126,"column":17},"end":{"line":126,"column":27}},{"start":{"line":126,"column":27},"end":{"line":126,"column":29}}],"line":126},"16":{"loc":{"start":{"line":127,"column":12},"end":{"line":127,"column":null}},"type":"cond-expr","locations":[{"start":{"line":127,"column":29},"end":{"line":127,"column":57}},{"start":{"line":127,"column":57},"end":{"line":127,"column":null}}],"line":127},"17":{"loc":{"start":{"line":142,"column":4},"end":{"line":144,"column":null}},"type":"cond-expr","locations":[{"start":{"line":143,"column":8},"end":{"line":143,"column":null}},{"start":{"line":144,"column":8},"end":{"line":144,"column":null}}],"line":142},"18":{"loc":{"start":{"line":143,"column":23},"end":{"line":143,"column":35}},"type":"binary-expr","locations":[{"start":{"line":143,"column":23},"end":{"line":143,"column":33}},{"start":{"line":143,"column":33},"end":{"line":143,"column":35}}],"line":143},"19":{"loc":{"start":{"line":168,"column":4},"end":{"line":168,"column":null}},"type":"if","locations":[{"start":{"line":168,"column":4},"end":{"line":168,"column":null}},{"start":{},"end":{}}],"line":168},"20":{"loc":{"start":{"line":168,"column":8},"end":{"line":168,"column":73}},"type":"binary-expr","locations":[{"start":{"line":168,"column":8},"end":{"line":168,"column":38}},{"start":{"line":168,"column":42},"end":{"line":168,"column":73}}],"line":168},"21":{"loc":{"start":{"line":172,"column":8},"end":{"line":177,"column":null}},"type":"binary-expr","locations":[{"start":{"line":172,"column":8},"end":{"line":172,"column":null}},{"start":{"line":173,"column":8},"end":{"line":173,"column":null}},{"start":{"line":174,"column":8},"end":{"line":174,"column":null}},{"start":{"line":175,"column":8},"end":{"line":175,"column":null}},{"start":{"line":176,"column":8},"end":{"line":176,"column":null}},{"start":{"line":177,"column":8},"end":{"line":177,"column":null}}],"line":172},"22":{"loc":{"start":{"line":181,"column":8},"end":{"line":181,"column":null}},"type":"binary-expr","locations":[{"start":{"line":181,"column":8},"end":{"line":181,"column":13}},{"start":{"line":181,"column":13},"end":{"line":181,"column":38}},{"start":{"line":181,"column":38},"end":{"line":181,"column":null}}],"line":181},"23":{"loc":{"start":{"line":185,"column":6},"end":{"line":185,"column":null}},"type":"cond-expr","locations":[{"start":{"line":185,"column":60},"end":{"line":185,"column":92}},{"start":{"line":185,"column":92},"end":{"line":185,"column":null}}],"line":185},"24":{"loc":{"start":{"line":185,"column":6},"end":{"line":185,"column":60}},"type":"binary-expr","locations":[{"start":{"line":185,"column":6},"end":{"line":185,"column":23}},{"start":{"line":185,"column":23},"end":{"line":185,"column":60}}],"line":185}},"s":{"0":1,"1":1,"2":1,"3":0,"4":0,"5":0,"6":0,"7":0,"8":8,"9":0,"10":8,"11":8,"12":8,"13":1,"14":7,"15":7,"16":1,"17":22,"18":0,"19":22,"20":16,"21":12,"22":12,"23":12,"24":12,"25":2,"26":3,"27":2,"28":2,"29":2,"30":2,"31":2,"32":2,"33":2,"34":0,"35":2,"36":2,"37":2,"38":1,"39":1,"40":1,"41":0,"42":1,"43":5,"44":1,"45":5,"46":0,"47":2,"48":0,"49":2,"50":2,"51":10,"52":2,"53":2,"54":4,"55":4,"56":4,"57":4,"58":4,"59":1,"60":1,"61":1,"62":1,"63":1,"64":1,"65":1,"66":1,"67":1,"68":1,"69":2,"70":5,"71":5,"72":5,"73":1,"74":3,"75":4,"76":3,"77":15,"78":3,"79":5,"80":1},"f":{"0":0,"1":8,"2":22,"3":16,"4":12,"5":2,"6":3,"7":2,"8":2,"9":2,"10":5,"11":5,"12":2,"13":2,"14":10,"15":4,"16":4,"17":1,"18":1,"19":1,"20":1,"21":1,"22":1,"23":2,"24":5,"25":4,"26":15},"b":{"0":[0,0],"1":[0,8],"2":[1,7],"3":[5,1],"4":[0,22],"5":[2,1],"6":[0,2],"7":[1,1],"8":[0,1],"9":[5,0],"10":[0,2],"11":[2,8],"12":[4,0],"13":[4,4],"14":[1,0],"15":[1,0],"16":[1,0],"17":[1,0],"18":[1,0],"19":[1,4],"20":[5,3],"21":[4,4,4,4,3,3],"22":[15,15,15],"23":[1,2],"24":[3,1]},"meta":{"lastBranch":25,"lastFunction":27,"lastStatement":81,"seen":{"s:4:20:4:Infinity":0,"s:5:23:5:Infinity":1,"s:6:21:6:Infinity":2,"f:8:16:8:37":0,"b:9:2:9:Infinity:undefined:undefined:undefined:undefined":0,"s:9:2:9:Infinity":3,"s:9:37:9:Infinity":4,"s:10:2:10:Infinity":5,"s:11:2:11:Infinity":6,"s:12:2:12:Infinity":7,"f:15:16:15:44":1,"b:16:2:16:Infinity:undefined:undefined:undefined:undefined":1,"s:16:2:16:Infinity":8,"s:16:37:16:Infinity":9,"s:17:2:23:Infinity":10,"s:18:16:18:49":11,"b:19:4:19:Infinity:undefined:undefined:undefined:undefined":2,"s:19:4:19:Infinity":12,"s:19:14:19:Infinity":13,"s:20:19:20:34":14,"s:21:4:21:Infinity":15,"b:21:35:21:44:21:44:21:46":3,"s:23:4:23:Infinity":16,"f:27:16:27:30":2,"b:28:2:28:Infinity:undefined:undefined:undefined:undefined":4,"s:28:2:28:Infinity":17,"s:28:37:28:Infinity":18,"s:29:2:29:Infinity":19,"f:32:9:32:30":3,"s:33:2:33:Infinity":20,"f:36:16:36:Infinity":4,"s:40:27:40:Infinity":21,"s:41:18:41:40":22,"s:42:2:42:Infinity":23,"s:43:2:43:Infinity":24,"f:46:16:46:Infinity":5,"s:51:18:52:Infinity":25,"f:51:28:51:33":6,"s:52:4:52:Infinity":26,"b:52:18:52:41:52:41:52:Infinity":5,"s:54:2:54:Infinity":27,"s:55:2:55:Infinity":28,"f:58:16:58:Infinity":7,"s:62:18:62:54":29,"f:62:28:62:36":8,"s:62:42:62:54":30,"s:63:2:63:Infinity":31,"s:64:2:64:Infinity":32,"f:68:16:68:51":9,"b:69:2:69:Infinity:undefined:undefined:undefined:undefined":6,"s:69:2:69:Infinity":33,"s:69:37:69:Infinity":34,"s:70:2:79:Infinity":35,"s:71:16:71:52":36,"b:72:4:72:Infinity:undefined:undefined:undefined:undefined":7,"s:72:4:72:Infinity":37,"s:72:14:72:Infinity":38,"s:73:37:73:52":39,"b:74:4:74:Infinity:undefined:undefined:undefined:undefined":8,"s:74:4:74:Infinity":40,"s:74:32:74:Infinity":41,"s:76:21:76:62":42,"f:76:36:76:41":10,"s:76:47:76:60":43,"s:77:4:77:Infinity":44,"f:77:30:77:35":11,"s:77:43:77:75":45,"b:77:43:77:67:77:71:77:75":9,"s:79:4:79:Infinity":46,"f:83:16:83:31":12,"b:84:2:84:Infinity:undefined:undefined:undefined:undefined":10,"s:84:2:84:Infinity":47,"s:84:37:84:Infinity":48,"s:85:2:85:Infinity":49,"f:88:16:88:Infinity":13,"s:93:18:94:Infinity":50,"f:93:29:93:34":14,"s:94:4:94:Infinity":51,"b:94:26:94:52:94:52:94:Infinity":11,"s:96:2:96:Infinity":52,"s:97:2:97:Infinity":53,"f:101:16:101:Infinity":15,"s:106:27:106:Infinity":54,"s:107:18:110:Infinity":55,"f:107:28:107:33":16,"s:108:4:110:Infinity":56,"b:109:8:109:Infinity:110:8:110:Infinity":12,"b:109:27:109:37:109:37:109:39":13,"s:112:2:112:Infinity":57,"s:113:2:113:Infinity":58,"f:116:16:116:Infinity":17,"s:122:18:130:Infinity":59,"f:122:28:122:33":18,"s:123:4:130:Infinity":60,"b:124:8:129:Infinity:130:8:130:Infinity":14,"b:126:17:126:27:126:27:126:29":15,"f:126:31:126:36":19,"s:127:12:127:Infinity":61,"b:127:29:127:57:127:57:127:Infinity":16,"s:132:2:132:Infinity":62,"s:133:2:133:Infinity":63,"f:136:16:136:Infinity":20,"s:141:18:144:Infinity":64,"f:141:28:141:33":21,"s:142:4:144:Infinity":65,"b:143:8:143:Infinity:144:8:144:Infinity":17,"b:143:23:143:33:143:33:143:35":18,"f:143:37:143:45":22,"s:143:51:143:68":66,"s:146:2:146:Infinity":67,"s:147:2:147:Infinity":68,"f:151:16:151:Infinity":23,"s:156:2:160:Infinity":69,"f:163:16:163:Infinity":24,"s:166:2:188:Infinity":70,"s:167:17:167:36":71,"b:168:4:168:Infinity:undefined:undefined:undefined:undefined":19,"s:168:4:168:Infinity":72,"b:168:8:168:38:168:42:168:73":20,"s:168:75:168:Infinity":73,"s:170:27:177:Infinity":74,"f:170:42:170:Infinity":25,"s:172:8:177:Infinity":75,"b:172:8:172:Infinity:173:8:173:Infinity:174:8:174:Infinity:175:8:175:Infinity:176:8:176:Infinity:177:8:177:Infinity":21,"s:179:28:181:Infinity":76,"f:179:44:179:Infinity":26,"s:181:8:181:Infinity":77,"b:181:8:181:13:181:13:181:38:181:38:181:Infinity":22,"s:185:6:185:Infinity":78,"b:185:60:185:92:185:92:185:Infinity":23,"b:185:6:185:23:185:23:185:60":24,"s:186:4:186:Infinity":79,"s:188:4:188:Infinity":80}}}
,"/Users/cynthiachuang/Justin_Dev/Finance_Dashboard/lib/priceCache.ts": {"path":"/Users/cynthiachuang/Justin_Dev/Finance_Dashboard/lib/priceCache.ts","statementMap":{"0":{"start":{"line":7,"column":32},"end":{"line":12,"column":null}},"1":{"start":{"line":15,"column":2},"end":{"line":15,"column":null}},"2":{"start":{"line":15,"column":37},"end":{"line":15,"column":null}},"3":{"start":{"line":16,"column":2},"end":{"line":20,"column":null}},"4":{"start":{"line":17,"column":16},"end":{"line":17,"column":41}},"5":{"start":{"line":18,"column":4},"end":{"line":18,"column":null}},"6":{"start":{"line":20,"column":4},"end":{"line":20,"column":null}},"7":{"start":{"line":25,"column":2},"end":{"line":25,"column":null}},"8":{"start":{"line":25,"column":37},"end":{"line":25,"column":null}},"9":{"start":{"line":26,"column":2},"end":{"line":28,"column":null}},"10":{"start":{"line":27,"column":4},"end":{"line":27,"column":null}}},"fnMap":{"0":{"name":"readCache","decl":{"start":{"line":14,"column":16},"end":{"line":14,"column":29}},"loc":{"start":{"line":14,"column":52},"end":{"line":20,"column":null}},"line":14},"1":{"name":"writeCache","decl":{"start":{"line":24,"column":16},"end":{"line":24,"column":27}},"loc":{"start":{"line":24,"column":61},"end":{"line":28,"column":null}},"line":24}},"branchMap":{"0":{"loc":{"start":{"line":15,"column":2},"end":{"line":15,"column":null}},"type":"if","locations":[{"start":{"line":15,"column":2},"end":{"line":15,"column":null}},{"start":{},"end":{}}],"line":15},"1":{"loc":{"start":{"line":18,"column":11},"end":{"line":18,"column":null}},"type":"cond-expr","locations":[{"start":{"line":18,"column":18},"end":{"line":18,"column":33}},{"start":{"line":18,"column":42},"end":{"line":18,"column":null}}],"line":18},"2":{"loc":{"start":{"line":25,"column":2},"end":{"line":25,"column":null}},"type":"if","locations":[{"start":{"line":25,"column":2},"end":{"line":25,"column":null}},{"start":{},"end":{}}],"line":25}},"s":{"0":2,"1":5,"2":0,"3":5,"4":5,"5":5,"6":0,"7":1,"8":0,"9":1,"10":1},"f":{"0":5,"1":1},"b":{"0":[0,5],"1":[1,4],"2":[0,1]},"meta":{"lastBranch":3,"lastFunction":2,"lastStatement":11,"seen":{"s:7:32:12:Infinity":0,"f:14:16:14:29":0,"b:15:2:15:Infinity:undefined:undefined:undefined:undefined":0,"s:15:2:15:Infinity":1,"s:15:37:15:Infinity":2,"s:16:2:20:Infinity":3,"s:17:16:17:41":4,"s:18:4:18:Infinity":5,"b:18:18:18:33:18:42:18:Infinity":1,"s:20:4:20:Infinity":6,"f:24:16:24:27":1,"b:25:2:25:Infinity:undefined:undefined:undefined:undefined":2,"s:25:2:25:Infinity":7,"s:25:37:25:Infinity":8,"s:26:2:28:Infinity":9,"s:27:4:27:Infinity":10}}}
,"/Users/cynthiachuang/Justin_Dev/Finance_Dashboard/lib/settings.ts": {"path":"/Users/cynthiachuang/Justin_Dev/Finance_Dashboard/lib/settings.ts","statementMap":{"0":{"start":{"line":3,"column":21},"end":{"line":3,"column":null}},"1":{"start":{"line":5,"column":44},"end":{"line":11,"column":null}},"2":{"start":{"line":13,"column":45},"end":{"line":23,"column":null}},"3":{"start":{"line":26,"column":2},"end":{"line":26,"column":null}},"4":{"start":{"line":26,"column":37},"end":{"line":26,"column":null}},"5":{"start":{"line":27,"column":2},"end":{"line":50,"column":null}},"6":{"start":{"line":28,"column":16},"end":{"line":28,"column":50}},"7":{"start":{"line":29,"column":4},"end":{"line":29,"column":null}},"8":{"start":{"line":29,"column":14},"end":{"line":29,"column":null}},"9":{"start":{"line":30,"column":19},"end":{"line":30,"column":34}},"10":{"start":{"line":32,"column":4},"end":{"line":48,"column":null}},"11":{"start":{"line":50,"column":4},"end":{"line":50,"column":null}},"12":{"start":{"line":54,"column":37},"end":{"line":54,"column":null}},"13":{"start":{"line":57,"column":2},"end":{"line":57,"column":null}},"14":{"start":{"line":57,"column":37},"end":{"line":57,"column":null}},"15":{"start":{"line":58,"column":2},"end":{"line":58,"column":null}},"16":{"start":{"line":60,"column":2},"end":{"line":60,"column":null}}},"fnMap":{"0":{"name":"loadSettings","decl":{"start":{"line":25,"column":16},"end":{"line":25,"column":44}},"loc":{"start":{"line":25,"column":44},"end":{"line":50,"column":null}},"line":25},"1":{"name":"saveSettings","decl":{"start":{"line":56,"column":16},"end":{"line":56,"column":29}},"loc":{"start":{"line":56,"column":58},"end":{"line":60,"column":null}},"line":56}},"branchMap":{"0":{"loc":{"start":{"line":26,"column":2},"end":{"line":26,"column":null}},"type":"if","locations":[{"start":{"line":26,"column":2},"end":{"line":26,"column":null}},{"start":{},"end":{}}],"line":26},"1":{"loc":{"start":{"line":29,"column":4},"end":{"line":29,"column":null}},"type":"if","locations":[{"start":{"line":29,"column":4},"end":{"line":29,"column":null}},{"start":{},"end":{}}],"line":29},"2":{"loc":{"start":{"line":33,"column":25},"end":{"line":33,"column":null}},"type":"binary-expr","locations":[{"start":{"line":33,"column":25},"end":{"line":33,"column":53}},{"start":{"line":33,"column":53},"end":{"line":33,"column":null}}],"line":33},"3":{"loc":{"start":{"line":34,"column":19},"end":{"line":34,"column":null}},"type":"binary-expr","locations":[{"start":{"line":34,"column":19},"end":{"line":34,"column":41}},{"start":{"line":34,"column":41},"end":{"line":34,"column":null}}],"line":34},"4":{"loc":{"start":{"line":35,"column":26},"end":{"line":35,"column":null}},"type":"binary-expr","locations":[{"start":{"line":35,"column":26},"end":{"line":35,"column":55}},{"start":{"line":35,"column":55},"end":{"line":35,"column":null}}],"line":35},"5":{"loc":{"start":{"line":37,"column":16},"end":{"line":37,"column":null}},"type":"binary-expr","locations":[{"start":{"line":37,"column":16},"end":{"line":37,"column":51}},{"start":{"line":37,"column":51},"end":{"line":37,"column":null}}],"line":37},"6":{"loc":{"start":{"line":38,"column":12},"end":{"line":38,"column":null}},"type":"binary-expr","locations":[{"start":{"line":38,"column":12},"end":{"line":38,"column":43}},{"start":{"line":38,"column":43},"end":{"line":38,"column":null}}],"line":38},"7":{"loc":{"start":{"line":39,"column":16},"end":{"line":39,"column":null}},"type":"binary-expr","locations":[{"start":{"line":39,"column":16},"end":{"line":39,"column":51}},{"start":{"line":39,"column":51},"end":{"line":39,"column":null}}],"line":39},"8":{"loc":{"start":{"line":42,"column":25},"end":{"line":42,"column":null}},"type":"binary-expr","locations":[{"start":{"line":42,"column":25},"end":{"line":42,"column":60}},{"start":{"line":42,"column":60},"end":{"line":42,"column":null}}],"line":42},"9":{"loc":{"start":{"line":43,"column":25},"end":{"line":43,"column":null}},"type":"binary-expr","locations":[{"start":{"line":43,"column":25},"end":{"line":43,"column":60}},{"start":{"line":43,"column":60},"end":{"line":43,"column":null}}],"line":43},"10":{"loc":{"start":{"line":44,"column":25},"end":{"line":44,"column":null}},"type":"binary-expr","locations":[{"start":{"line":44,"column":25},"end":{"line":44,"column":60}},{"start":{"line":44,"column":60},"end":{"line":44,"column":null}}],"line":44},"11":{"loc":{"start":{"line":45,"column":25},"end":{"line":45,"column":null}},"type":"binary-expr","locations":[{"start":{"line":45,"column":25},"end":{"line":45,"column":60}},{"start":{"line":45,"column":60},"end":{"line":45,"column":null}}],"line":45},"12":{"loc":{"start":{"line":46,"column":25},"end":{"line":46,"column":null}},"type":"binary-expr","locations":[{"start":{"line":46,"column":25},"end":{"line":46,"column":60}},{"start":{"line":46,"column":60},"end":{"line":46,"column":null}}],"line":46},"13":{"loc":{"start":{"line":57,"column":2},"end":{"line":57,"column":null}},"type":"if","locations":[{"start":{"line":57,"column":2},"end":{"line":57,"column":null}},{"start":{},"end":{}}],"line":57}},"s":{"0":2,"1":2,"2":2,"3":7,"4":0,"5":7,"6":7,"7":7,"8":1,"9":6,"10":6,"11":1,"12":2,"13":3,"14":0,"15":3,"16":3},"f":{"0":7,"1":3},"b":{"0":[0,7],"1":[1,6],"2":[6,0],"3":[7,0],"4":[7,1],"5":[7,1],"6":[7,2],"7":[7,2],"8":[7,1],"9":[7,1],"10":[7,1],"11":[7,1],"12":[7,1],"13":[0,3]},"meta":{"lastBranch":14,"lastFunction":2,"lastStatement":17,"seen":{"s:3:21:3:Infinity":0,"s:5:44:11:Infinity":1,"s:13:45:23:Infinity":2,"f:25:16:25:44":0,"b:26:2:26:Infinity:undefined:undefined:undefined:undefined":0,"s:26:2:26:Infinity":3,"s:26:37:26:Infinity":4,"s:27:2:50:Infinity":5,"s:28:16:28:50":6,"b:29:4:29:Infinity:undefined:undefined:undefined:undefined":1,"s:29:4:29:Infinity":7,"s:29:14:29:Infinity":8,"s:30:19:30:34":9,"s:32:4:48:Infinity":10,"b:33:25:33:53:33:53:33:Infinity":2,"b:34:19:34:41:34:41:34:Infinity":3,"b:35:26:35:55:35:55:35:Infinity":4,"b:37:16:37:51:37:51:37:Infinity":5,"b:38:12:38:43:38:43:38:Infinity":6,"b:39:16:39:51:39:51:39:Infinity":7,"b:42:25:42:60:42:60:42:Infinity":8,"b:43:25:43:60:43:60:43:Infinity":9,"b:44:25:44:60:44:60:44:Infinity":10,"b:45:25:45:60:45:60:45:Infinity":11,"b:46:25:46:60:46:60:46:Infinity":12,"s:50:4:50:Infinity":11,"s:54:37:54:Infinity":12,"f:56:16:56:29":1,"b:57:2:57:Infinity:undefined:undefined:undefined:undefined":13,"s:57:2:57:Infinity":13,"s:57:37:57:Infinity":14,"s:58:2:58:Infinity":15,"s:60:2:60:Infinity":16}}}
}
